<?xml version="1.0" encoding="UTF-8"?>
<rss version="2.0" xmlns:atom="http://www.w3.org/2005/Atom">
<channel>
   <title>New in the Library Catalog</title>
   <link>http://vufind.carli.illinois.edu/vf-whe</link>
   <atom:link href='http://i-share.carli.illinois.edu/newbooks/newbooks.cgi?library=WHEdb&amp;list=all&amp;day=7&amp;op=and&amp;text=&amp;lang=English&amp;submit=RSS' rel="self" type="application/rss+xml" />
   <description><![CDATA[New Books List for Wheaton College (new since: 1 week ago)]]></description>

   <language>en</language>
   <lastBuildDate>Wed, 30 Aug 2017 09:06:19 GMT</lastBuildDate>

   <image>
   <title>CARLI</title>
   <url>http://www.carli.illinois.edu/sites/all/themes/carli/images/CARLIrss-header.jpg</url>
   <link>http://www.carli.illinois.edu</link>
   </image>

      <item>
      <title>II. Kantate, für Sopran- und Bass-Solo, gemischten Chor und Orchester = for soprano solo, bass solo, mixed chorus, and orchestra, op. 31 / Anton Webern ; Worte von Hildegard Jone ; English version by Eric Smith. </title>
      <link>http://vufind.carli.illinois.edu/vf-whe/Record/whe_22002</link>
      <guid>http://vufind.carli.illinois.edu/vf-whe/Record/whe_22002</guid>
      <description>&lt;BR/&gt;&lt;B&gt;Author: &lt;/B&gt;Webern, Anton, 1883-1945, &lt;BR/&gt;&lt;B&gt;Location: &lt;/B&gt;Music Library (Buswell Lower Level)&lt;BR/&gt;&lt;B&gt;Call number: &lt;/B&gt;SCORE 785.9934 W388 Op.31un</description>
      <pubDate>Wed, 30 Aug 2017 16:58:31 GMT</pubDate>
      </item>
      <item>
      <title>Memoir of the life of James Milnor, by the Rev. John S. Stone. Abridged by the author. </title>
      <link>http://vufind.carli.illinois.edu/vf-whe/Record/whe_32706</link>
      <guid>http://vufind.carli.illinois.edu/vf-whe/Record/whe_32706</guid>
      <description>&lt;BR/&gt;&lt;B&gt;Author: &lt;/B&gt;Stone, John S. (John Seely), 1795-1882. &lt;BR/&gt;&lt;B&gt;Location: &lt;/B&gt;Special Collections -- Rare Fragile (BGC 3rd floor)&lt;BR/&gt;&lt;B&gt;Call number: &lt;/B&gt;SC-236 922 M636s</description>
      <pubDate>Wed, 30 Aug 2017 16:58:31 GMT</pubDate>
      </item>
      <item>
      <title>Voyage of the Dawn Treader / illustrated by Pauline Baynes. </title>
      <link>http://vufind.carli.illinois.edu/vf-whe/Record/whe_47376</link>
      <guid>http://vufind.carli.illinois.edu/vf-whe/Record/whe_47376</guid>
      <description>&lt;BR/&gt;&lt;B&gt;Author: &lt;/B&gt;Lewis, C. S. (Clive Staples), 1898-1963. &lt;BR/&gt;&lt;B&gt;Edition: &lt;/B&gt;[1st American ed.] &lt;BR/&gt;&lt;B&gt;Location: &lt;/B&gt;Wade Center -- Stacks (See Desk Attendant)&lt;BR/&gt;&lt;B&gt;Call number: &lt;/B&gt;Kilby Lib. PR6023.E926 C47 V6 1952b</description>
      <pubDate>Wed, 30 Aug 2017 16:58:31 GMT</pubDate>
      </item>
      <item>
      <title>Print in the western world : an introductory history / Linda C. Hults. </title>
      <link>http://vufind.carli.illinois.edu/vf-whe/Record/whe_78401</link>
      <guid>http://vufind.carli.illinois.edu/vf-whe/Record/whe_78401</guid>
      <description>&lt;img border=&quot;0&quot; src=&quot;http://images.amazon.com/images/P/0299137007.01._PB_SCMZZZZZZZ_.jpg&quot; vspace=&quot;3&quot; border=&quot;0&quot; align=&quot;right&quot;/&gt;&lt;BR/&gt;&lt;B&gt;Author: &lt;/B&gt;Hults, Linda C. &lt;BR/&gt;&lt;B&gt;ISBN: &lt;/B&gt;0299137007 &lt;BR/&gt;&lt;B&gt;Location: &lt;/B&gt;Special Collections -- Reference Books (BGC 3rd floor)&lt;BR/&gt;&lt;B&gt;Call number: &lt;/B&gt;SC-RR 769.9 H879p</description>
      <pubDate>Wed, 30 Aug 2017 16:58:31 GMT</pubDate>
      </item>
      <item>
      <title>Exile and the kingdom / Albert Camus ; translated from the French by Justin O'Brien. </title>
      <link>http://vufind.carli.illinois.edu/vf-whe/Record/whe_96608</link>
      <guid>http://vufind.carli.illinois.edu/vf-whe/Record/whe_96608</guid>
      <description>&lt;BR/&gt;&lt;B&gt;Author: &lt;/B&gt;Camus, Albert, 1913-1960. &lt;BR/&gt;&lt;B&gt;Edition: &lt;/B&gt;[1st American ed.]. &lt;BR/&gt;&lt;B&gt;Location: &lt;/B&gt;Wade Center -- Stacks (See Desk Attendant)&lt;BR/&gt;&lt;B&gt;Call number: &lt;/B&gt;Kilby Lib. PQ2605.A3734 E913 1958</description>
      <pubDate>Wed, 30 Aug 2017 16:58:31 GMT</pubDate>
      </item>
      <item>
      <title>Hymn of the universe / Pierre Teilhard de Chardin ; [translated by Simon Bartholomew]. </title>
      <link>http://vufind.carli.illinois.edu/vf-whe/Record/whe_104936</link>
      <guid>http://vufind.carli.illinois.edu/vf-whe/Record/whe_104936</guid>
      <description>&lt;img border=&quot;0&quot; src=&quot;http://images.amazon.com/images/P/0061319104.01._PB_SCMZZZZZZZ_.jpg&quot; vspace=&quot;3&quot; border=&quot;0&quot; align=&quot;right&quot;/&gt;&lt;BR/&gt;&lt;B&gt;Author: &lt;/B&gt;Teilhard de Chardin, Pierre. &lt;BR/&gt;&lt;B&gt;ISBN: &lt;/B&gt;0061319104 &lt;BR/&gt;&lt;B&gt;Location: &lt;/B&gt;Wade Center -- Stacks (See Desk Attendant)&lt;BR/&gt;&lt;B&gt;Call number: &lt;/B&gt;Kilby Lib. B2430.T373 H93 1965&lt;BR/&gt;&lt;B&gt;Web link: &lt;/B&gt;&lt;a href=&quot;http://www.religion-online.org/showbook.asp?title=1621&quot;&gt;CLICK HERE FOR ACCESS TO ELECTRONIC COPY OF TEXT&lt;/a&gt;</description>
      <pubDate>Wed, 30 Aug 2017 16:58:31 GMT</pubDate>
      </item>
      <item>
      <title>Undine, by De La Motte Fouqué; adapted from the German by W.L. Courtney, and illustrated by Arthur Rackham. </title>
      <link>http://vufind.carli.illinois.edu/vf-whe/Record/whe_265258</link>
      <guid>http://vufind.carli.illinois.edu/vf-whe/Record/whe_265258</guid>
      <description>&lt;BR/&gt;&lt;B&gt;Author: &lt;/B&gt;La Motte-Fouqué, Friedrich Heinrich Karl, Freiherr de, 1777-1843. &lt;BR/&gt;&lt;B&gt;Location: &lt;/B&gt;Wade Center -- Stacks (See Desk Attendant)&lt;BR/&gt;&lt;B&gt;Call number: &lt;/B&gt;Kilby Lib. PT2389.U4 C68 1909&lt;BR/&gt;&lt;B&gt;Web link: &lt;/B&gt;&lt;a href=&quot;http://archive.org/details/undine00lamotte&quot;&gt;Internet Archive, UNC Chapel Hill copy&lt;/a&gt;</description>
      <pubDate>Wed, 30 Aug 2017 16:58:31 GMT</pubDate>
      </item>
      <item>
      <title>Bright shadow of reality : C.S. Lewis and the feeling intellect / by Corbin Scott Carnell. </title>
      <link>http://vufind.carli.illinois.edu/vf-whe/Record/whe_318726</link>
      <guid>http://vufind.carli.illinois.edu/vf-whe/Record/whe_318726</guid>
      <description>&lt;img border=&quot;0&quot; src=&quot;http://images.amazon.com/images/P/0802815618.01._PB_SCMZZZZZZZ_.jpg&quot; vspace=&quot;3&quot; border=&quot;0&quot; align=&quot;right&quot;/&gt;&lt;BR/&gt;&lt;B&gt;Author: &lt;/B&gt;Carnell, Corbin Scott. &lt;BR/&gt;&lt;B&gt;ISBN: &lt;/B&gt;0802815618 &lt;BR/&gt;&lt;B&gt;Location: &lt;/B&gt;Wade Center -- Stacks (See Desk Attendant)&lt;BR/&gt;&lt;B&gt;Call number: &lt;/B&gt;Kilby Lib. PR6023.E926 Z5916 1974&lt;BR/&gt;&lt;B&gt;Web link: &lt;/B&gt;&lt;a href=&quot;https://covers.openlibrary.org/b/id/4465905-M.jpg&quot;&gt;Cover image&lt;/a&gt;</description>
      <pubDate>Wed, 30 Aug 2017 16:58:31 GMT</pubDate>
      </item>
      <item>
      <title>Transfiguration of the commonplace : a philosophy of art / Arthur C. Danto. </title>
      <link>http://vufind.carli.illinois.edu/vf-whe/Record/whe_329001</link>
      <guid>http://vufind.carli.illinois.edu/vf-whe/Record/whe_329001</guid>
      <description>&lt;img border=&quot;0&quot; src=&quot;http://images.amazon.com/images/P/9780674903463.01._PB_SCMZZZZZZZ_.jpg&quot; vspace=&quot;3&quot; border=&quot;0&quot; align=&quot;right&quot;/&gt;&lt;BR/&gt;&lt;B&gt;Author: &lt;/B&gt;Danto, Arthur C., 1924-2013. &lt;BR/&gt;&lt;B&gt;ISBN: &lt;/B&gt;9780674903463 &lt;BR/&gt;&lt;B&gt;Location: &lt;/B&gt;Wade Center -- Stacks (See Desk Attendant)&lt;BR/&gt;&lt;B&gt;Call number: &lt;/B&gt;Kilby Lib. BH39 .D36 1981&lt;BR/&gt;&lt;B&gt;Web link: &lt;/B&gt;&lt;a href=&quot;http://www.gbv.de/dms/bowker/toc/9780674903456.pdf&quot;&gt;Table of contents&lt;/a&gt;</description>
      <pubDate>Wed, 30 Aug 2017 16:58:31 GMT</pubDate>
      </item>
      <item>
      <title>Voyage of the Dawn Treader / by C.S. Lewis ; with pictures adapted from illustrations by Pauline Baynes. </title>
      <link>http://vufind.carli.illinois.edu/vf-whe/Record/whe_375343</link>
      <guid>http://vufind.carli.illinois.edu/vf-whe/Record/whe_375343</guid>
      <description>&lt;img border=&quot;0&quot; src=&quot;http://images.amazon.com/images/P/0020442602.01._PB_SCMZZZZZZZ_.jpg&quot; vspace=&quot;3&quot; border=&quot;0&quot; align=&quot;right&quot;/&gt;&lt;BR/&gt;&lt;B&gt;Author: &lt;/B&gt;Lewis, C. S. (Clive Staples), 1898-1963, &lt;BR/&gt;&lt;B&gt;Edition: &lt;/B&gt;First Collier Books edition. &lt;BR/&gt;&lt;B&gt;ISBN: &lt;/B&gt;0020442602 &lt;BR/&gt;&lt;B&gt;Location: &lt;/B&gt;Wade Center -- Stacks (See Desk Attendant)&lt;BR/&gt;&lt;B&gt;Call number: &lt;/B&gt;PR6023.E926 C47 V6 1970</description>
      <pubDate>Wed, 30 Aug 2017 16:58:31 GMT</pubDate>
      </item>
      <item>
      <title>Memoirs of the Rev. Walter M. Lowrie, missionary to China / edited by his father. </title>
      <link>http://vufind.carli.illinois.edu/vf-whe/Record/whe_379813</link>
      <guid>http://vufind.carli.illinois.edu/vf-whe/Record/whe_379813</guid>
      <description>&lt;BR/&gt;&lt;B&gt;Author: &lt;/B&gt;Lowrie, Walter M. (Walter Macon), 1819-1847. &lt;BR/&gt;&lt;B&gt;Edition: &lt;/B&gt;3rd ed. &lt;BR/&gt;&lt;B&gt;Location: &lt;/B&gt;Special Collections -- Rare Fragile (BGC 3rd floor)&lt;BR/&gt;&lt;B&gt;Call number: &lt;/B&gt;SC-236 266.5151 L955m Ed.3</description>
      <pubDate>Wed, 30 Aug 2017 16:58:31 GMT</pubDate>
      </item>
      <item>
      <title>Camus; a collection of critical essays. </title>
      <link>http://vufind.carli.illinois.edu/vf-whe/Record/whe_432116</link>
      <guid>http://vufind.carli.illinois.edu/vf-whe/Record/whe_432116</guid>
      <description>&lt;BR/&gt;&lt;B&gt;Author: &lt;/B&gt;Brée, Germaine, &lt;BR/&gt;&lt;B&gt;Location: &lt;/B&gt;Wade Center -- Stacks (See Desk Attendant)&lt;BR/&gt;&lt;B&gt;Call number: &lt;/B&gt;Kilby Lib. PQ2605.A3734 Z62 1962</description>
      <pubDate>Wed, 30 Aug 2017 16:58:31 GMT</pubDate>
      </item>
      <item>
      <title>Brill dictionary of Gregory of Nyssa / edited by Lucas Francisco Mateo-Seco and Giulio Maspero ; translated by Seth Cherney. </title>
      <link>http://vufind.carli.illinois.edu/vf-whe/Record/whe_591125</link>
      <guid>http://vufind.carli.illinois.edu/vf-whe/Record/whe_591125</guid>
      <description>&lt;img border=&quot;0&quot; src=&quot;http://images.amazon.com/images/P/9789004169654.01._PB_SCMZZZZZZZ_.jpg&quot; vspace=&quot;3&quot; border=&quot;0&quot; align=&quot;right&quot;/&gt;&lt;BR/&gt;&lt;B&gt;ISBN: &lt;/B&gt;9789004169654 &lt;BR/&gt;&lt;B&gt;Location: &lt;/B&gt;Books (Buswell Upper or Lower Level)&lt;BR/&gt;&lt;B&gt;Call number: &lt;/B&gt;270.2092 G862ma</description>
      <pubDate>Wed, 30 Aug 2017 16:58:31 GMT</pubDate>
      </item>
      <item>
      <title>Problem of pain / by C.S. Lewis. </title>
      <link>http://vufind.carli.illinois.edu/vf-whe/Record/whe_665186</link>
      <guid>http://vufind.carli.illinois.edu/vf-whe/Record/whe_665186</guid>
      <description>&lt;BR/&gt;&lt;B&gt;Author: &lt;/B&gt;Lewis, C. S. (Clive Staples), 1898-1963. &lt;BR/&gt;&lt;B&gt;Edition: &lt;/B&gt;[1st American ed.] &lt;BR/&gt;&lt;B&gt;Location: &lt;/B&gt;Wade Center -- Stacks (See Desk Attendant)&lt;BR/&gt;&lt;B&gt;Call number: &lt;/B&gt;BT732.7 L49 1944</description>
      <pubDate>Wed, 30 Aug 2017 16:58:31 GMT</pubDate>
      </item>
      <item>
      <title>Voyage of the Dawn Treader / by C.S. Lewis with illustrations by Pauline Baynes. </title>
      <link>http://vufind.carli.illinois.edu/vf-whe/Record/whe_666198</link>
      <guid>http://vufind.carli.illinois.edu/vf-whe/Record/whe_666198</guid>
      <description>&lt;BR/&gt;&lt;B&gt;Author: &lt;/B&gt;Lewis, C. S. (Clive Staples), 1898-1963. &lt;BR/&gt;&lt;B&gt;Location: &lt;/B&gt;Wade Center -- Stacks (See Desk Attendant)&lt;BR/&gt;&lt;B&gt;Call number: &lt;/B&gt;Kilby Lib. PR6023.E926 C47 V6 1952</description>
      <pubDate>Wed, 30 Aug 2017 16:58:31 GMT</pubDate>
      </item>
      <item>
      <title>Problem of pain / by C.S. Lewis. </title>
      <link>http://vufind.carli.illinois.edu/vf-whe/Record/whe_669355</link>
      <guid>http://vufind.carli.illinois.edu/vf-whe/Record/whe_669355</guid>
      <description>&lt;BR/&gt;&lt;B&gt;Author: &lt;/B&gt;Lewis, C. S. (Clive Staples), 1898-1963. &lt;BR/&gt;&lt;B&gt;Location: &lt;/B&gt;Wade Center -- Stacks (See Desk Attendant)&lt;BR/&gt;&lt;B&gt;Call number: &lt;/B&gt;Kilby Lib. BT732.7 L49 1945</description>
      <pubDate>Wed, 30 Aug 2017 16:58:31 GMT</pubDate>
      </item>
      <item>
      <title>Vesperae de Domenica [i.e., Dominica], K. 321 ; Vesperae solennes de confessore, K. 339 / Wolfgang Amadeus Mozart. </title>
      <link>http://vufind.carli.illinois.edu/vf-whe/Record/whe_877833</link>
      <guid>http://vufind.carli.illinois.edu/vf-whe/Record/whe_877833</guid>
      <description>&lt;BR/&gt;&lt;B&gt;Author: &lt;/B&gt;Mozart, Wolfgang Amadeus, 1756-1791. &lt;BR/&gt;&lt;B&gt;Location: &lt;/B&gt;Music Library (Buswell Lower Level)&lt;BR/&gt;&lt;B&gt;Call number: &lt;/B&gt;SCORE 785.9932 M877ka</description>
      <pubDate>Wed, 30 Aug 2017 16:58:31 GMT</pubDate>
      </item>
      <item>
      <title>Arabella [videorecording] / by Richard Strauss ; libretto by Hugo von Hofmannsthal. </title>
      <link>http://vufind.carli.illinois.edu/vf-whe/Record/whe_886058</link>
      <guid>http://vufind.carli.illinois.edu/vf-whe/Record/whe_886058</guid>
      <description>&lt;img border=&quot;0&quot; src=&quot;http://images.amazon.com/images/P/0769722547.01._PB_SCMZZZZZZZ_.jpg&quot; vspace=&quot;3&quot; border=&quot;0&quot; align=&quot;right&quot;/&gt;&lt;BR/&gt;&lt;B&gt;ISBN: &lt;/B&gt;0769722547 &lt;BR/&gt;&lt;B&gt;Location: &lt;/B&gt;Oversize DVDs &amp; Videos (Buswell Lower Level)&lt;BR/&gt;&lt;B&gt;Call number: &lt;/B&gt;DVD Oversize 782.15 Str82arth</description>
      <pubDate>Wed, 30 Aug 2017 16:58:31 GMT</pubDate>
      </item>
      <item>
      <title>English dancing master : or, Plaine and easie rules for the dancing of country dances, with the tune to each dance. / John Playford ; edited by Hugh Mellor and Leslie Bridgewater. </title>
      <link>http://vufind.carli.illinois.edu/vf-whe/Record/whe_897152</link>
      <guid>http://vufind.carli.illinois.edu/vf-whe/Record/whe_897152</guid>
      <description>&lt;img border=&quot;0&quot; src=&quot;http://images.amazon.com/images/P/9781852731618.01._PB_SCMZZZZZZZ_.jpg&quot; vspace=&quot;3&quot; border=&quot;0&quot; align=&quot;right&quot;/&gt;&lt;BR/&gt;&lt;B&gt;Author: &lt;/B&gt;Playford, John, 1623-1686?, &lt;BR/&gt;&lt;B&gt;ISBN: &lt;/B&gt;9781852731618 &lt;BR/&gt;&lt;B&gt;Location: &lt;/B&gt;Books (Buswell Upper or Lower Level)&lt;BR/&gt;&lt;B&gt;Call number: &lt;/B&gt;793.31 P699e 2013</description>
      <pubDate>Wed, 30 Aug 2017 16:58:31 GMT</pubDate>
      </item>
      <item>
      <title>Business plus : preparing for the workplace. Student's book / Margaret Helliwell. </title>
      <link>http://vufind.carli.illinois.edu/vf-whe/Record/whe_902808</link>
      <guid>http://vufind.carli.illinois.edu/vf-whe/Record/whe_902808</guid>
      <description>&lt;img border=&quot;0&quot; src=&quot;http://images.amazon.com/images/P/9781107640689.01._PB_SCMZZZZZZZ_.jpg&quot; vspace=&quot;3&quot; border=&quot;0&quot; align=&quot;right&quot;/&gt;&lt;BR/&gt;&lt;B&gt;Author: &lt;/B&gt;Helliwell, Margaret, &lt;BR/&gt;&lt;B&gt;ISBN: &lt;/B&gt;9781107640689 &lt;BR/&gt;&lt;B&gt;Location: &lt;/B&gt;Education Curriculum (Buswell Lower Level)&lt;BR/&gt;&lt;B&gt;Call number: &lt;/B&gt;CURR 428.24024 H367b</description>
      <pubDate>Wed, 30 Aug 2017 16:58:31 GMT</pubDate>
      </item>
      <item>
      <title>SuperScience STEM instant activities : grades 1-3 : 30 hands-on investigations with anchor texts and videos / written by Katherine Burkett and SuperScience staff ; editor: Maria L. Chang ; illustrations by Marybeth Rivera. </title>
      <link>http://vufind.carli.illinois.edu/vf-whe/Record/whe_904580</link>
      <guid>http://vufind.carli.illinois.edu/vf-whe/Record/whe_904580</guid>
      <description>&lt;img border=&quot;0&quot; src=&quot;http://images.amazon.com/images/P/9781338099003.01._PB_SCMZZZZZZZ_.jpg&quot; vspace=&quot;3&quot; border=&quot;0&quot; align=&quot;right&quot;/&gt;&lt;BR/&gt;&lt;B&gt;Author: &lt;/B&gt;Burkett, Katherine, &lt;BR/&gt;&lt;B&gt;ISBN: &lt;/B&gt;9781338099003 &lt;BR/&gt;&lt;B&gt;Location: &lt;/B&gt;Education Curriculum (Buswell Lower Level)&lt;BR/&gt;&lt;B&gt;Call number: &lt;/B&gt;CURR 372.35044 B917s</description>
      <pubDate>Wed, 30 Aug 2017 16:58:31 GMT</pubDate>
      </item>
      <item>
      <title>Aristotle and Christianity / Paul Berry ; with a foreword by Christopher J. Schreck. </title>
      <link>http://vufind.carli.illinois.edu/vf-whe/Record/whe_904962</link>
      <guid>http://vufind.carli.illinois.edu/vf-whe/Record/whe_904962</guid>
      <description>&lt;img border=&quot;0&quot; src=&quot;http://images.amazon.com/images/P/1495505081.01._PB_SCMZZZZZZZ_.jpg&quot; vspace=&quot;3&quot; border=&quot;0&quot; align=&quot;right&quot;/&gt;&lt;BR/&gt;&lt;B&gt;Author: &lt;/B&gt;Berry, Paul, 1931- &lt;BR/&gt;&lt;B&gt;ISBN: &lt;/B&gt;1495505081 &lt;BR/&gt;&lt;B&gt;Location: &lt;/B&gt;Books (Buswell Upper or Lower Level)&lt;BR/&gt;&lt;B&gt;Call number: &lt;/B&gt;185 B459a</description>
      <pubDate>Wed, 30 Aug 2017 16:58:31 GMT</pubDate>
      </item>
      <item>
      <title>Beyond black and white : transforming African-American politics / Manning Marable. </title>
      <link>http://vufind.carli.illinois.edu/vf-whe/Record/whe_905114</link>
      <guid>http://vufind.carli.illinois.edu/vf-whe/Record/whe_905114</guid>
      <description>&lt;img border=&quot;0&quot; src=&quot;http://images.amazon.com/images/P/9781844673827.01._PB_SCMZZZZZZZ_.jpg&quot; vspace=&quot;3&quot; border=&quot;0&quot; align=&quot;right&quot;/&gt;&lt;BR/&gt;&lt;B&gt;Author: &lt;/B&gt;Marable, Manning, 1950-2011. &lt;BR/&gt;&lt;B&gt;Edition: &lt;/B&gt;2nd ed. &lt;BR/&gt;&lt;B&gt;ISBN: &lt;/B&gt;9781844673827 &lt;BR/&gt;&lt;B&gt;Location: &lt;/B&gt;Books (Buswell Upper or Lower Level)&lt;BR/&gt;&lt;B&gt;Call number: &lt;/B&gt;305.89607 M323b</description>
      <pubDate>Wed, 30 Aug 2017 16:58:31 GMT</pubDate>
      </item>
      <item>
      <title>Frank and Lucky get schooled / Lynne Rae Perkins. </title>
      <link>http://vufind.carli.illinois.edu/vf-whe/Record/whe_905970</link>
      <guid>http://vufind.carli.illinois.edu/vf-whe/Record/whe_905970</guid>
      <description>&lt;img border=&quot;0&quot; src=&quot;http://images.amazon.com/images/P/9780062373458.01._PB_SCMZZZZZZZ_.jpg&quot; vspace=&quot;3&quot; border=&quot;0&quot; align=&quot;right&quot;/&gt;&lt;BR/&gt;&lt;B&gt;Author: &lt;/B&gt;Perkins, Lynne Rae, &lt;BR/&gt;&lt;B&gt;Edition: &lt;/B&gt;First edition. &lt;BR/&gt;&lt;B&gt;ISBN: &lt;/B&gt;9780062373458 &lt;BR/&gt;&lt;B&gt;Location: &lt;/B&gt;Books (Buswell Upper or Lower Level)&lt;BR/&gt;&lt;B&gt;Call number: &lt;/B&gt;372.214 P419f</description>
      <pubDate>Wed, 30 Aug 2017 16:58:31 GMT</pubDate>
      </item>
      <item>
      <title>Summer Nick taught his cats to read / Curtis Manley ; illustrated by Kate Berube. </title>
      <link>http://vufind.carli.illinois.edu/vf-whe/Record/whe_905971</link>
      <guid>http://vufind.carli.illinois.edu/vf-whe/Record/whe_905971</guid>
      <description>&lt;img border=&quot;0&quot; src=&quot;http://images.amazon.com/images/P/9781481435697.01._PB_SCMZZZZZZZ_.jpg&quot; vspace=&quot;3&quot; border=&quot;0&quot; align=&quot;right&quot;/&gt;&lt;BR/&gt;&lt;B&gt;Author: &lt;/B&gt;Manley, Curtis, &lt;BR/&gt;&lt;B&gt;Edition: &lt;/B&gt;First edition. &lt;BR/&gt;&lt;B&gt;ISBN: &lt;/B&gt;9781481435697 &lt;BR/&gt;&lt;B&gt;Location: &lt;/B&gt;Books (Buswell Upper or Lower Level)&lt;BR/&gt;&lt;B&gt;Call number: &lt;/B&gt;372.214 M314s</description>
      <pubDate>Wed, 30 Aug 2017 16:58:31 GMT</pubDate>
      </item>
      <item>
      <title>Old dog baby baby / Julie Fogliano ; art by Chris Raschka. </title>
      <link>http://vufind.carli.illinois.edu/vf-whe/Record/whe_905973</link>
      <guid>http://vufind.carli.illinois.edu/vf-whe/Record/whe_905973</guid>
      <description>&lt;img border=&quot;0&quot; src=&quot;http://images.amazon.com/images/P/9781596438538.01._PB_SCMZZZZZZZ_.jpg&quot; vspace=&quot;3&quot; border=&quot;0&quot; align=&quot;right&quot;/&gt;&lt;BR/&gt;&lt;B&gt;Author: &lt;/B&gt;Fogliano, Julie, &lt;BR/&gt;&lt;B&gt;Edition: &lt;/B&gt;First edition. &lt;BR/&gt;&lt;B&gt;ISBN: &lt;/B&gt;9781596438538 &lt;BR/&gt;&lt;B&gt;Location: &lt;/B&gt;Books (Buswell Upper or Lower Level)&lt;BR/&gt;&lt;B&gt;Call number: &lt;/B&gt;372.214 F689o</description>
      <pubDate>Wed, 30 Aug 2017 16:58:31 GMT</pubDate>
      </item>
      <item>
      <title>1 and 2 Corinthians / Yung Suk Kim, Editor. </title>
      <link>http://vufind.carli.illinois.edu/vf-whe/Record/whe_907313</link>
      <guid>http://vufind.carli.illinois.edu/vf-whe/Record/whe_907313</guid>
      <description>&lt;img border=&quot;0&quot; src=&quot;http://images.amazon.com/images/P/9780800699352.01._PB_SCMZZZZZZZ_.jpg&quot; vspace=&quot;3&quot; border=&quot;0&quot; align=&quot;right&quot;/&gt;&lt;BR/&gt;&lt;B&gt;ISBN: &lt;/B&gt;9780800699352 &lt;BR/&gt;&lt;B&gt;Location: &lt;/B&gt;Books (Buswell Upper or Lower Level)&lt;BR/&gt;&lt;B&gt;Call number: &lt;/B&gt;227.206 F519k</description>
      <pubDate>Wed, 30 Aug 2017 16:58:31 GMT</pubDate>
      </item>
      <item>
      <title>Complete guide to RTI : an implementation toolkit / Dolores Burton, John Kappenberg ; with invited contributors. </title>
      <link>http://vufind.carli.illinois.edu/vf-whe/Record/whe_907849</link>
      <guid>http://vufind.carli.illinois.edu/vf-whe/Record/whe_907849</guid>
      <description>&lt;img border=&quot;0&quot; src=&quot;http://images.amazon.com/images/P/9781412997096.01._PB_SCMZZZZZZZ_.jpg&quot; vspace=&quot;3&quot; border=&quot;0&quot; align=&quot;right&quot;/&gt;&lt;BR/&gt;&lt;B&gt;ISBN: &lt;/B&gt;9781412997096 (pbk.) &lt;BR/&gt;&lt;B&gt;Location: &lt;/B&gt;Education Curriculum (Buswell Lower Level)&lt;BR/&gt;&lt;B&gt;Call number: &lt;/B&gt;CURR 371.9043 B953c</description>
      <pubDate>Wed, 30 Aug 2017 16:58:31 GMT</pubDate>
      </item>
      <item>
      <title>Evangelist's message is Bible-based / J. R. W. Stott. </title>
      <link>http://vufind.carli.illinois.edu/vf-whe/Record/whe_921357</link>
      <guid>http://vufind.carli.illinois.edu/vf-whe/Record/whe_921357</guid>
      <description>&lt;BR/&gt;&lt;B&gt;Author: &lt;/B&gt;Stott, J. R. W. (John Robert Walmsley), 1921- &lt;BR/&gt;&lt;B&gt;Location: &lt;/B&gt;DVDs &amp; Videos (Buswell Lower Level)&lt;BR/&gt;&lt;B&gt;Call number: &lt;/B&gt;269.2092 Ev148k</description>
      <pubDate>Wed, 30 Aug 2017 16:58:31 GMT</pubDate>
      </item>
      <item>
      <title>Evangelistic preaching in the 21st century / Ravi K Zacharias. </title>
      <link>http://vufind.carli.illinois.edu/vf-whe/Record/whe_921358</link>
      <guid>http://vufind.carli.illinois.edu/vf-whe/Record/whe_921358</guid>
      <description>&lt;BR/&gt;&lt;B&gt;Author: &lt;/B&gt;Zacharias, Ravi K. &lt;BR/&gt;&lt;B&gt;Location: &lt;/B&gt;DVDs &amp; Videos (Buswell Lower Level)&lt;BR/&gt;&lt;B&gt;Call number: &lt;/B&gt;269.2092 Ev148z</description>
      <pubDate>Wed, 30 Aug 2017 16:58:31 GMT</pubDate>
      </item>
      <item>
      <title>Preaching Christ in a broken world / George Carey. </title>
      <link>http://vufind.carli.illinois.edu/vf-whe/Record/whe_921364</link>
      <guid>http://vufind.carli.illinois.edu/vf-whe/Record/whe_921364</guid>
      <description>&lt;BR/&gt;&lt;B&gt;Author: &lt;/B&gt;Carey, George. &lt;BR/&gt;&lt;B&gt;Location: &lt;/B&gt;DVDs &amp; Videos (Buswell Lower Level)&lt;BR/&gt;&lt;B&gt;Call number: &lt;/B&gt;269.2092 P91c</description>
      <pubDate>Wed, 30 Aug 2017 16:58:31 GMT</pubDate>
      </item>
      <item>
      <title>Ordinary day with Jesus : experiencing the reality of God in your everyday life / John Ortberg and Ruth Haley Barton. </title>
      <link>http://vufind.carli.illinois.edu/vf-whe/Record/whe_921400</link>
      <guid>http://vufind.carli.illinois.edu/vf-whe/Record/whe_921400</guid>
      <description>&lt;BR/&gt;&lt;B&gt;Author: &lt;/B&gt;Ortberg, John. &lt;BR/&gt;&lt;B&gt;Location: &lt;/B&gt;DVDs &amp; Videos (Buswell Lower Level)&lt;BR/&gt;&lt;B&gt;Call number: &lt;/B&gt;248.4 Or25o</description>
      <pubDate>Wed, 30 Aug 2017 16:58:31 GMT</pubDate>
      </item>
      <item>
      <title>Ordinary day with Jesus : experiencing the reality of God in your everyday life / John Ortberg and Ruth Haley Barton. </title>
      <link>http://vufind.carli.illinois.edu/vf-whe/Record/whe_921400</link>
      <guid>http://vufind.carli.illinois.edu/vf-whe/Record/whe_921400</guid>
      <description>&lt;BR/&gt;&lt;B&gt;Author: &lt;/B&gt;Ortberg, John. &lt;BR/&gt;&lt;B&gt;Location: &lt;/B&gt;Oversize DVDs &amp; Videos (Buswell Lower Level)&lt;BR/&gt;&lt;B&gt;Call number: &lt;/B&gt;DVD Oversize 248.4 Or25o</description>
      <pubDate>Wed, 30 Aug 2017 16:58:31 GMT</pubDate>
      </item>
      <item>
      <title>Lifeline / a presentation of Africa Inland Mission International Services. </title>
      <link>http://vufind.carli.illinois.edu/vf-whe/Record/whe_921406</link>
      <guid>http://vufind.carli.illinois.edu/vf-whe/Record/whe_921406</guid>
      <description>&lt;BR/&gt;&lt;B&gt;Location: &lt;/B&gt;DVDs &amp; Videos (Buswell Lower Level)&lt;BR/&gt;&lt;B&gt;Call number: &lt;/B&gt;266.0092 L626a</description>
      <pubDate>Wed, 30 Aug 2017 16:58:31 GMT</pubDate>
      </item>
      <item>
      <title>Paul Rader and the fruit of his ministries / hosted by Merrill Dunlop ; produced by Awana Clubs International. </title>
      <link>http://vufind.carli.illinois.edu/vf-whe/Record/whe_921407</link>
      <guid>http://vufind.carli.illinois.edu/vf-whe/Record/whe_921407</guid>
      <description>&lt;BR/&gt;&lt;B&gt;Location: &lt;/B&gt;DVDs &amp; Videos (Buswell Lower Level)&lt;BR/&gt;&lt;B&gt;Call number: &lt;/B&gt;269.2092 R117a</description>
      <pubDate>Wed, 30 Aug 2017 16:58:31 GMT</pubDate>
      </item>
      <item>
      <title>Evangelism in a changing world / Reformed Church Productions. </title>
      <link>http://vufind.carli.illinois.edu/vf-whe/Record/whe_921408</link>
      <guid>http://vufind.carli.illinois.edu/vf-whe/Record/whe_921408</guid>
      <description>&lt;BR/&gt;&lt;B&gt;Location: &lt;/B&gt;DVDs &amp; Videos (Buswell Lower Level)&lt;BR/&gt;&lt;B&gt;Call number: &lt;/B&gt;269.2 Ev147r</description>
      <pubDate>Wed, 30 Aug 2017 16:58:31 GMT</pubDate>
      </item>
      <item>
      <title>Evangelism in a changing world / Reformed Church Productions. </title>
      <link>http://vufind.carli.illinois.edu/vf-whe/Record/whe_921408</link>
      <guid>http://vufind.carli.illinois.edu/vf-whe/Record/whe_921408</guid>
      <description>&lt;BR/&gt;&lt;B&gt;Location: &lt;/B&gt;Oversize DVDs &amp; Videos (Buswell Lower Level)&lt;BR/&gt;&lt;B&gt;Call number: &lt;/B&gt;DVD Oversize 269.2 Ev147r</description>
      <pubDate>Wed, 30 Aug 2017 16:58:31 GMT</pubDate>
      </item>
      <item>
      <title>Building on firm foundations : chronological approach seminar / seminar speaker, Trevor McIlwain. </title>
      <link>http://vufind.carli.illinois.edu/vf-whe/Record/whe_921423</link>
      <guid>http://vufind.carli.illinois.edu/vf-whe/Record/whe_921423</guid>
      <description>&lt;BR/&gt;&lt;B&gt;Author: &lt;/B&gt;McIlwain, Trevor. &lt;BR/&gt;&lt;B&gt;Location: &lt;/B&gt;DVDs &amp; Videos (Buswell Lower Level)&lt;BR/&gt;&lt;B&gt;Call number: &lt;/B&gt;269.2 B868m</description>
      <pubDate>Wed, 30 Aug 2017 16:58:31 GMT</pubDate>
      </item>
      <item>
      <title>Building on firm foundations : chronological approach seminar / seminar speaker, Trevor McIlwain. </title>
      <link>http://vufind.carli.illinois.edu/vf-whe/Record/whe_921423</link>
      <guid>http://vufind.carli.illinois.edu/vf-whe/Record/whe_921423</guid>
      <description>&lt;BR/&gt;&lt;B&gt;Author: &lt;/B&gt;McIlwain, Trevor. &lt;BR/&gt;&lt;B&gt;Location: &lt;/B&gt;Oversize DVDs &amp; Videos (Buswell Lower Level)&lt;BR/&gt;&lt;B&gt;Call number: &lt;/B&gt;DVD Oversize 269.2 B868m</description>
      <pubDate>Wed, 30 Aug 2017 16:58:31 GMT</pubDate>
      </item>
      <item>
      <title>On mission with God-- the ministry of Fred and Sami Sorrells. </title>
      <link>http://vufind.carli.illinois.edu/vf-whe/Record/whe_921424</link>
      <guid>http://vufind.carli.illinois.edu/vf-whe/Record/whe_921424</guid>
      <description>&lt;BR/&gt;&lt;B&gt;Location: &lt;/B&gt;DVDs &amp; Videos (Buswell Lower Level)&lt;BR/&gt;&lt;B&gt;Call number: &lt;/B&gt;266.00969 On13f</description>
      <pubDate>Wed, 30 Aug 2017 16:58:31 GMT</pubDate>
      </item>
      <item>
      <title>Faith! : interactive video workshop / presented by the Education-Evangelism Team of the Division for Congregational Ministries, Evangelical Lutheran Church in America. </title>
      <link>http://vufind.carli.illinois.edu/vf-whe/Record/whe_921425</link>
      <guid>http://vufind.carli.illinois.edu/vf-whe/Record/whe_921425</guid>
      <description>&lt;BR/&gt;&lt;B&gt;Location: &lt;/B&gt;DVDs &amp; Videos (Buswell Lower Level)&lt;BR/&gt;&lt;B&gt;Call number: &lt;/B&gt;269.2 F172e</description>
      <pubDate>Wed, 30 Aug 2017 16:58:31 GMT</pubDate>
      </item>
      <item>
      <title>Faith! : interactive video workshop / presented by the Education-Evangelism Team of the Division for Congregational Ministries, Evangelical Lutheran Church in America. </title>
      <link>http://vufind.carli.illinois.edu/vf-whe/Record/whe_921425</link>
      <guid>http://vufind.carli.illinois.edu/vf-whe/Record/whe_921425</guid>
      <description>&lt;BR/&gt;&lt;B&gt;Location: &lt;/B&gt;Oversize DVDs &amp; Videos (Buswell Lower Level)&lt;BR/&gt;&lt;B&gt;Call number: &lt;/B&gt;DVD Oversize 269.2 F172e</description>
      <pubDate>Wed, 30 Aug 2017 16:58:31 GMT</pubDate>
      </item>
      <item>
      <title>Restored : profiles of and strategies for innovative, relevant urban ministry / two interactive video workshops presented by the Evangelism Team of the Division for Congregational Ministries of the Evangelical Lutheran Church in America. </title>
      <link>http://vufind.carli.illinois.edu/vf-whe/Record/whe_921426</link>
      <guid>http://vufind.carli.illinois.edu/vf-whe/Record/whe_921426</guid>
      <description>&lt;BR/&gt;&lt;B&gt;Location: &lt;/B&gt;DVDs &amp; Videos (Buswell Lower Level)&lt;BR/&gt;&lt;B&gt;Call number: &lt;/B&gt;254.5 R313e</description>
      <pubDate>Wed, 30 Aug 2017 16:58:31 GMT</pubDate>
      </item>
      <item>
      <title>Restored : profiles of and strategies for innovative, relevant urban ministry / two interactive video workshops presented by the Evangelism Team of the Division for Congregational Ministries of the Evangelical Lutheran Church in America. </title>
      <link>http://vufind.carli.illinois.edu/vf-whe/Record/whe_921426</link>
      <guid>http://vufind.carli.illinois.edu/vf-whe/Record/whe_921426</guid>
      <description>&lt;BR/&gt;&lt;B&gt;Location: &lt;/B&gt;Oversize DVDs &amp; Videos (Buswell Lower Level)&lt;BR/&gt;&lt;B&gt;Call number: &lt;/B&gt;DVD Oversize 254.5 R313e</description>
      <pubDate>Wed, 30 Aug 2017 16:58:31 GMT</pubDate>
      </item>
      <item>
      <title>Motives for evangelism / Billy Kim. </title>
      <link>http://vufind.carli.illinois.edu/vf-whe/Record/whe_922074</link>
      <guid>http://vufind.carli.illinois.edu/vf-whe/Record/whe_922074</guid>
      <description>&lt;BR/&gt;&lt;B&gt;Author: &lt;/B&gt;Kim, Billy. &lt;BR/&gt;&lt;B&gt;Location: &lt;/B&gt;DVDs &amp; Videos (Buswell Lower Level)&lt;BR/&gt;&lt;B&gt;Call number: &lt;/B&gt;269.2092 M857k</description>
      <pubDate>Wed, 30 Aug 2017 16:58:31 GMT</pubDate>
      </item>
      <item>
      <title>Aristotle, emotions, and education / Kristján Kristjánsson. </title>
      <link>http://vufind.carli.illinois.edu/vf-whe/Record/whe_923039</link>
      <guid>http://vufind.carli.illinois.edu/vf-whe/Record/whe_923039</guid>
      <description>&lt;img border=&quot;0&quot; src=&quot;http://images.amazon.com/images/P/113825407.01._PB_SCMZZZZZZZ_.jpg&quot; vspace=&quot;3&quot; border=&quot;0&quot; align=&quot;right&quot;/&gt;&lt;BR/&gt;&lt;B&gt;Author: &lt;/B&gt;Kristjánsson, Kristján, 1959- &lt;BR/&gt;&lt;B&gt;ISBN: &lt;/B&gt;113825407X &lt;BR/&gt;&lt;B&gt;Location: &lt;/B&gt;Books (Buswell Upper or Lower Level)&lt;BR/&gt;&lt;B&gt;Call number: &lt;/B&gt;185 K898a</description>
      <pubDate>Wed, 30 Aug 2017 16:58:31 GMT</pubDate>
      </item>
      <item>
      <title>Color of law : a forgotten history of how our government segregated America / Richard Rothstein. </title>
      <link>http://vufind.carli.illinois.edu/vf-whe/Record/whe_923462</link>
      <guid>http://vufind.carli.illinois.edu/vf-whe/Record/whe_923462</guid>
      <description>&lt;img border=&quot;0&quot; src=&quot;http://images.amazon.com/images/P/9781631492853.01._PB_SCMZZZZZZZ_.jpg&quot; vspace=&quot;3&quot; border=&quot;0&quot; align=&quot;right&quot;/&gt;&lt;BR/&gt;&lt;B&gt;Author: &lt;/B&gt;Rothstein, Richard, &lt;BR/&gt;&lt;B&gt;Edition: &lt;/B&gt;First edition. &lt;BR/&gt;&lt;B&gt;ISBN: &lt;/B&gt;9781631492853 &lt;BR/&gt;&lt;B&gt;Location: &lt;/B&gt;Books (Buswell Upper or Lower Level)&lt;BR/&gt;&lt;B&gt;Call number: &lt;/B&gt;305.80097 R746c</description>
      <pubDate>Wed, 30 Aug 2017 16:58:31 GMT</pubDate>
      </item>
      <item>
      <title>Ancient Greek economy : markets, households and city-states / Edited by Edward M. Harris, The University of Edinburgh, David M. Lewis, The University of Edinburgh, Mark Woolmer, Durham University. </title>
      <link>http://vufind.carli.illinois.edu/vf-whe/Record/whe_923465</link>
      <guid>http://vufind.carli.illinois.edu/vf-whe/Record/whe_923465</guid>
      <description>&lt;img border=&quot;0&quot; src=&quot;http://images.amazon.com/images/P/9781107035881.01._PB_SCMZZZZZZZ_.jpg&quot; vspace=&quot;3&quot; border=&quot;0&quot; align=&quot;right&quot;/&gt;&lt;BR/&gt;&lt;B&gt;ISBN: &lt;/B&gt;9781107035881 &lt;BR/&gt;&lt;B&gt;Location: &lt;/B&gt;Books (Buswell Upper or Lower Level)&lt;BR/&gt;&lt;B&gt;Call number: &lt;/B&gt;330.938 H240a</description>
      <pubDate>Wed, 30 Aug 2017 16:58:31 GMT</pubDate>
      </item>
      <item>
      <title>Case for contention : teaching controversial issues in American schools / Jonathan Zimmerman and Emily Robertson. </title>
      <link>http://vufind.carli.illinois.edu/vf-whe/Record/whe_923471</link>
      <guid>http://vufind.carli.illinois.edu/vf-whe/Record/whe_923471</guid>
      <description>&lt;img border=&quot;0&quot; src=&quot;http://images.amazon.com/images/P/9780226456201.01._PB_SCMZZZZZZZ_.jpg&quot; vspace=&quot;3&quot; border=&quot;0&quot; align=&quot;right&quot;/&gt;&lt;BR/&gt;&lt;B&gt;Author: &lt;/B&gt;Zimmerman, Jonathan, 1961- &lt;BR/&gt;&lt;B&gt;ISBN: &lt;/B&gt;9780226456201 (cloth : alk. paper) &lt;BR/&gt;&lt;B&gt;Location: &lt;/B&gt;Books (Buswell Upper or Lower Level)&lt;BR/&gt;&lt;B&gt;Call number: &lt;/B&gt;371.104 Z656c</description>
      <pubDate>Wed, 30 Aug 2017 16:58:31 GMT</pubDate>
      </item>
      <item>
      <title>Beauty sick : how the cultural obsession with appearance hurts girls and women / Renee Engeln, Ph.D. </title>
      <link>http://vufind.carli.illinois.edu/vf-whe/Record/whe_923475</link>
      <guid>http://vufind.carli.illinois.edu/vf-whe/Record/whe_923475</guid>
      <description>&lt;img border=&quot;0&quot; src=&quot;http://images.amazon.com/images/P/9780062469779.01._PB_SCMZZZZZZZ_.jpg&quot; vspace=&quot;3&quot; border=&quot;0&quot; align=&quot;right&quot;/&gt;&lt;BR/&gt;&lt;B&gt;Author: &lt;/B&gt;Engeln, Renee, &lt;BR/&gt;&lt;B&gt;Edition: &lt;/B&gt;First edition. &lt;BR/&gt;&lt;B&gt;ISBN: &lt;/B&gt;9780062469779 &lt;BR/&gt;&lt;B&gt;Location: &lt;/B&gt;Books (Buswell Upper or Lower Level)&lt;BR/&gt;&lt;B&gt;Call number: &lt;/B&gt;306.4613 En328b</description>
      <pubDate>Wed, 30 Aug 2017 16:58:31 GMT</pubDate>
      </item>
      <item>
      <title>Clinical introduction to Freud : techniques for everyday practice / Bruce Fink. </title>
      <link>http://vufind.carli.illinois.edu/vf-whe/Record/whe_923478</link>
      <guid>http://vufind.carli.illinois.edu/vf-whe/Record/whe_923478</guid>
      <description>&lt;img border=&quot;0&quot; src=&quot;http://images.amazon.com/images/P/9780393711967.01._PB_SCMZZZZZZZ_.jpg&quot; vspace=&quot;3&quot; border=&quot;0&quot; align=&quot;right&quot;/&gt;&lt;BR/&gt;&lt;B&gt;Author: &lt;/B&gt;Fink, Bruce, 1956- &lt;BR/&gt;&lt;B&gt;Edition: &lt;/B&gt;First edition. &lt;BR/&gt;&lt;B&gt;ISBN: &lt;/B&gt;9780393711967 &lt;BR/&gt;&lt;B&gt;Location: &lt;/B&gt;Books (Buswell Upper or Lower Level)&lt;BR/&gt;&lt;B&gt;Call number: &lt;/B&gt;150.1952 F495c</description>
      <pubDate>Wed, 30 Aug 2017 16:58:31 GMT</pubDate>
      </item>
      <item>
      <title>Global cities and urban theory / Donald McNeill. </title>
      <link>http://vufind.carli.illinois.edu/vf-whe/Record/whe_923909</link>
      <guid>http://vufind.carli.illinois.edu/vf-whe/Record/whe_923909</guid>
      <description>&lt;img border=&quot;0&quot; src=&quot;http://images.amazon.com/images/P/9781446267066.01._PB_SCMZZZZZZZ_.jpg&quot; vspace=&quot;3&quot; border=&quot;0&quot; align=&quot;right&quot;/&gt;&lt;BR/&gt;&lt;B&gt;Author: &lt;/B&gt;McNeill, Donald, 1969- &lt;BR/&gt;&lt;B&gt;ISBN: &lt;/B&gt;9781446267066 &lt;BR/&gt;&lt;B&gt;Location: &lt;/B&gt;Books (Buswell Upper or Lower Level)&lt;BR/&gt;&lt;B&gt;Call number: &lt;/B&gt;307.76 M233g</description>
      <pubDate>Wed, 30 Aug 2017 16:58:31 GMT</pubDate>
      </item>
      <item>
      <title>Framework for success in postsecondary writing : scholarship and applications / edited by Nicholas N. Behm, Sherry Rankins-Robertson, and Duane Roen. </title>
      <link>http://vufind.carli.illinois.edu/vf-whe/Record/whe_923915</link>
      <guid>http://vufind.carli.illinois.edu/vf-whe/Record/whe_923915</guid>
      <description>&lt;img border=&quot;0&quot; src=&quot;http://images.amazon.com/images/P/9781602359291.01._PB_SCMZZZZZZZ_.jpg&quot; vspace=&quot;3&quot; border=&quot;0&quot; align=&quot;right&quot;/&gt;&lt;BR/&gt;&lt;B&gt;ISBN: &lt;/B&gt;9781602359291 &lt;BR/&gt;&lt;B&gt;Location: &lt;/B&gt;Books (Buswell Upper or Lower Level)&lt;BR/&gt;&lt;B&gt;Call number: &lt;/B&gt;808.04207 B395f</description>
      <pubDate>Wed, 30 Aug 2017 16:58:31 GMT</pubDate>
      </item>
      <item>
      <title>Foreign service : five decades on the frontlines of American diplomacy / James F. Dobbins. </title>
      <link>http://vufind.carli.illinois.edu/vf-whe/Record/whe_923934</link>
      <guid>http://vufind.carli.illinois.edu/vf-whe/Record/whe_923934</guid>
      <description>&lt;img border=&quot;0&quot; src=&quot;http://images.amazon.com/images/P/9780815730040.01._PB_SCMZZZZZZZ_.jpg&quot; vspace=&quot;3&quot; border=&quot;0&quot; align=&quot;right&quot;/&gt;&lt;BR/&gt;&lt;B&gt;Author: &lt;/B&gt;Dobbins, James, 1942- &lt;BR/&gt;&lt;B&gt;ISBN: &lt;/B&gt;9780815730040 &lt;BR/&gt;&lt;B&gt;Location: &lt;/B&gt;Books (Buswell Upper or Lower Level)&lt;BR/&gt;&lt;B&gt;Call number: &lt;/B&gt;327.73009 D651f</description>
      <pubDate>Wed, 30 Aug 2017 16:58:31 GMT</pubDate>
      </item>
      <item>
      <title>Martin Luther : rebel in an age of upheaval / Heinz Schilling ; translated by Rona Johnston. </title>
      <link>http://vufind.carli.illinois.edu/vf-whe/Record/whe_923948</link>
      <guid>http://vufind.carli.illinois.edu/vf-whe/Record/whe_923948</guid>
      <description>&lt;img border=&quot;0&quot; src=&quot;http://images.amazon.com/images/P/0198722818.01._PB_SCMZZZZZZZ_.jpg&quot; vspace=&quot;3&quot; border=&quot;0&quot; align=&quot;right&quot;/&gt;&lt;BR/&gt;&lt;B&gt;Author: &lt;/B&gt;Schilling, Heinz, &lt;BR/&gt;&lt;B&gt;Edition: &lt;/B&gt;First edition. &lt;BR/&gt;&lt;B&gt;ISBN: &lt;/B&gt;0198722818 &lt;BR/&gt;&lt;B&gt;Location: &lt;/B&gt;Books (Buswell Upper or Lower Level)&lt;BR/&gt;&lt;B&gt;Call number: &lt;/B&gt;284.1092 Sch337m</description>
      <pubDate>Wed, 30 Aug 2017 16:58:31 GMT</pubDate>
      </item>
      <item>
      <title>Grounding religion : a field guide to the study of religion and ecology / edited by Whitney A. Bauman, Richard Bohannon and Kevin J. O'Brien. </title>
      <link>http://vufind.carli.illinois.edu/vf-whe/Record/whe_923964</link>
      <guid>http://vufind.carli.illinois.edu/vf-whe/Record/whe_923964</guid>
      <description>&lt;img border=&quot;0&quot; src=&quot;http://images.amazon.com/images/P/9781138194014.01._PB_SCMZZZZZZZ_.jpg&quot; vspace=&quot;3&quot; border=&quot;0&quot; align=&quot;right&quot;/&gt;&lt;BR/&gt;&lt;B&gt;Edition: &lt;/B&gt;Second Edition. &lt;BR/&gt;&lt;B&gt;ISBN: &lt;/B&gt;9781138194014 (pbk.) &lt;BR/&gt;&lt;B&gt;Location: &lt;/B&gt;Books (Buswell Upper or Lower Level)&lt;BR/&gt;&lt;B&gt;Call number: &lt;/B&gt;201.77 B327g</description>
      <pubDate>Wed, 30 Aug 2017 16:58:31 GMT</pubDate>
      </item>
      <item>
      <title>Luther and the Reformation of the later Middle Ages / Eric Leland Saak, Indiana University--Purdue University, Indianapolis. </title>
      <link>http://vufind.carli.illinois.edu/vf-whe/Record/whe_923972</link>
      <guid>http://vufind.carli.illinois.edu/vf-whe/Record/whe_923972</guid>
      <description>&lt;img border=&quot;0&quot; src=&quot;http://images.amazon.com/images/P/9781107187221.01._PB_SCMZZZZZZZ_.jpg&quot; vspace=&quot;3&quot; border=&quot;0&quot; align=&quot;right&quot;/&gt;&lt;BR/&gt;&lt;B&gt;Author: &lt;/B&gt;Saak, Eric Leland, &lt;BR/&gt;&lt;B&gt;ISBN: &lt;/B&gt;9781107187221 &lt;BR/&gt;&lt;B&gt;Location: &lt;/B&gt;Books (Buswell Upper or Lower Level)&lt;BR/&gt;&lt;B&gt;Call number: &lt;/B&gt;230.41092 Sa11L</description>
      <pubDate>Wed, 30 Aug 2017 16:58:31 GMT</pubDate>
      </item>
      <item>
      <title>Poetic relations : intimacy and faith in the English Reformation / Constance M. Furey. </title>
      <link>http://vufind.carli.illinois.edu/vf-whe/Record/whe_924013</link>
      <guid>http://vufind.carli.illinois.edu/vf-whe/Record/whe_924013</guid>
      <description>&lt;img border=&quot;0&quot; src=&quot;http://images.amazon.com/images/P/9780226434155.01._PB_SCMZZZZZZZ_.jpg&quot; vspace=&quot;3&quot; border=&quot;0&quot; align=&quot;right&quot;/&gt;&lt;BR/&gt;&lt;B&gt;Author: &lt;/B&gt;Furey, Constance M., &lt;BR/&gt;&lt;B&gt;ISBN: &lt;/B&gt;9780226434155 &lt;BR/&gt;&lt;B&gt;Location: &lt;/B&gt;Books (Buswell Upper or Lower Level)&lt;BR/&gt;&lt;B&gt;Call number: &lt;/B&gt;821.30938 F975p</description>
      <pubDate>Wed, 30 Aug 2017 16:58:31 GMT</pubDate>
      </item>
      <item>
      <title>What are the arts and sciences? : a guide for the curious / edited by Dan Rockmore. </title>
      <link>http://vufind.carli.illinois.edu/vf-whe/Record/whe_924019</link>
      <guid>http://vufind.carli.illinois.edu/vf-whe/Record/whe_924019</guid>
      <description>&lt;img border=&quot;0&quot; src=&quot;http://images.amazon.com/images/P/9781512601015.01._PB_SCMZZZZZZZ_.jpg&quot; vspace=&quot;3&quot; border=&quot;0&quot; align=&quot;right&quot;/&gt;&lt;BR/&gt;&lt;B&gt;ISBN: &lt;/B&gt;9781512601015 (cloth : alk. paper) &lt;BR/&gt;&lt;B&gt;Location: &lt;/B&gt;Books (Buswell Upper or Lower Level)&lt;BR/&gt;&lt;B&gt;Call number: &lt;/B&gt;001.3 R592w</description>
      <pubDate>Wed, 30 Aug 2017 16:58:31 GMT</pubDate>
      </item>
      <item>
      <title>Global water ethics : towards a global ethics charter / edited by Rafael Ziegler and David Groenfeldt. </title>
      <link>http://vufind.carli.illinois.edu/vf-whe/Record/whe_924028</link>
      <guid>http://vufind.carli.illinois.edu/vf-whe/Record/whe_924028</guid>
      <description>&lt;img border=&quot;0&quot; src=&quot;http://images.amazon.com/images/P/9781138204294.01._PB_SCMZZZZZZZ_.jpg&quot; vspace=&quot;3&quot; border=&quot;0&quot; align=&quot;right&quot;/&gt;&lt;BR/&gt;&lt;B&gt;ISBN: &lt;/B&gt;9781138204294 (hbk) &lt;BR/&gt;&lt;B&gt;Location: &lt;/B&gt;Books (Buswell Upper or Lower Level)&lt;BR/&gt;&lt;B&gt;Call number: &lt;/B&gt;178 Z628g</description>
      <pubDate>Wed, 30 Aug 2017 16:58:31 GMT</pubDate>
      </item>
      <item>
      <title>Holy Bible containing the Old and New Testaments / translated into the Burmese from the original tongues by A. Judson. </title>
      <link>http://vufind.carli.illinois.edu/vf-whe/Record/whe_924336</link>
      <guid>http://vufind.carli.illinois.edu/vf-whe/Record/whe_924336</guid>
      <description>&lt;BR/&gt;&lt;B&gt;Edition: &lt;/B&gt;3rd ed. &lt;BR/&gt;&lt;B&gt;Location: &lt;/B&gt;Special Collections -- Rare Fragile (BGC 3rd floor)&lt;BR/&gt;&lt;B&gt;Call number: &lt;/B&gt;SC-236 220.5958 H747j</description>
      <pubDate>Wed, 30 Aug 2017 16:58:31 GMT</pubDate>
      </item>
      <item>
      <title>Psalterium Syriace. </title>
      <link>http://vufind.carli.illinois.edu/vf-whe/Record/whe_924357</link>
      <guid>http://vufind.carli.illinois.edu/vf-whe/Record/whe_924357</guid>
      <description>&lt;BR/&gt;&lt;B&gt;Location: &lt;/B&gt;Special Collections -- Rare Fragile (BGC 3rd floor)&lt;BR/&gt;&lt;B&gt;Call number: &lt;/B&gt;SC-236 223.25923 P958s</description>
      <pubDate>Wed, 30 Aug 2017 16:58:31 GMT</pubDate>
      </item>
      <item>
      <title>Life of Rev. David Brainerd, chiefly extracted from his diary. By President Edwards. Somewhat abridged. Embracing, in the chronological order, Brainerd's public journal of the most successful year of his missionary labors. </title>
      <link>http://vufind.carli.illinois.edu/vf-whe/Record/whe_924358</link>
      <guid>http://vufind.carli.illinois.edu/vf-whe/Record/whe_924358</guid>
      <description>&lt;BR/&gt;&lt;B&gt;Author: &lt;/B&gt;Brainerd, David, 1718-1747. &lt;BR/&gt;&lt;B&gt;Location: &lt;/B&gt;Special Collections -- Rare Fragile (BGC 3rd floor)&lt;BR/&gt;&lt;B&gt;Call number: &lt;/B&gt;SC-236 266.0092 B814e</description>
      <pubDate>Wed, 30 Aug 2017 16:58:31 GMT</pubDate>
      </item>
      <item>
      <title>Nowý Zákon Pána a Spasitele nasseho Gežjsse Krista : opět s welikau pilnostj přehlédnutý, ponaprawený a w nowě wydaný. </title>
      <link>http://vufind.carli.illinois.edu/vf-whe/Record/whe_925116</link>
      <guid>http://vufind.carli.illinois.edu/vf-whe/Record/whe_925116</guid>
      <description>&lt;BR/&gt;&lt;B&gt;Location: &lt;/B&gt;Special Collections -- Rare Fragile (BGC 3rd floor)&lt;BR/&gt;&lt;B&gt;Call number: &lt;/B&gt;SC-236 225.59186 N869, 1855</description>
      <pubDate>Wed, 30 Aug 2017 16:58:31 GMT</pubDate>
      </item>
      <item>
      <title>Kniha Žalmů. </title>
      <link>http://vufind.carli.illinois.edu/vf-whe/Record/whe_925117</link>
      <guid>http://vufind.carli.illinois.edu/vf-whe/Record/whe_925117</guid>
      <description>&lt;BR/&gt;&lt;B&gt;Location: &lt;/B&gt;Special Collections -- Rare Fragile (BGC 3rd floor)&lt;BR/&gt;&lt;B&gt;Call number: &lt;/B&gt;SC-236 225.59186 N869, 1855</description>
      <pubDate>Wed, 30 Aug 2017 16:58:31 GMT</pubDate>
      </item>
      <item>
      <title>Natural history of enthusiasm. </title>
      <link>http://vufind.carli.illinois.edu/vf-whe/Record/whe_925120</link>
      <guid>http://vufind.carli.illinois.edu/vf-whe/Record/whe_925120</guid>
      <description>&lt;BR/&gt;&lt;B&gt;Author: &lt;/B&gt;Taylor, Isaac, 1787-1865, &lt;BR/&gt;&lt;B&gt;Edition: &lt;/B&gt;Fourth edition &lt;BR/&gt;&lt;B&gt;Location: &lt;/B&gt;Special Collections -- Rare Fragile (BGC 3rd floor)&lt;BR/&gt;&lt;B&gt;Call number: &lt;/B&gt;SC-236 248 T214nh, Ed.4</description>
      <pubDate>Wed, 30 Aug 2017 16:58:31 GMT</pubDate>
      </item>
      <item>
      <title>Series of discourses on the Christian revelation viewed in connection with modern astronomy / by Thomas Chalmers. </title>
      <link>http://vufind.carli.illinois.edu/vf-whe/Record/whe_925121</link>
      <guid>http://vufind.carli.illinois.edu/vf-whe/Record/whe_925121</guid>
      <description>&lt;BR/&gt;&lt;B&gt;Author: &lt;/B&gt;Chalmers, Thomas, 1780-1847, &lt;BR/&gt;&lt;B&gt;Edition: &lt;/B&gt;Eighth edition &lt;BR/&gt;&lt;B&gt;Location: &lt;/B&gt;Special Collections -- Rare Fragile (BGC 3rd floor)&lt;BR/&gt;&lt;B&gt;Call number: &lt;/B&gt;SC-236 248 T214nh, Ed.4</description>
      <pubDate>Wed, 30 Aug 2017 16:58:31 GMT</pubDate>
      </item>
      <item>
      <title>Sermons preached before the University of Cambridge during the month of February M. DCCC. XXXVI [1836] : To which are added two sermons preached in Great St. Mary's Church, at the evening lecture / by Henry Melvill ... </title>
      <link>http://vufind.carli.illinois.edu/vf-whe/Record/whe_925122</link>
      <guid>http://vufind.carli.illinois.edu/vf-whe/Record/whe_925122</guid>
      <description>&lt;BR/&gt;&lt;B&gt;Author: &lt;/B&gt;Melvill, Henry, 1798-1871. &lt;BR/&gt;&lt;B&gt;Location: &lt;/B&gt;Special Collections -- Rare Fragile (BGC 3rd floor)&lt;BR/&gt;&lt;B&gt;Call number: &lt;/B&gt;SC-236 248 T214nh, Ed.4</description>
      <pubDate>Wed, 30 Aug 2017 16:58:31 GMT</pubDate>
      </item>
      <item>
      <title>Treatises upon the life, walk, and triumph of faith / by the late Rev. W. Romaine. </title>
      <link>http://vufind.carli.illinois.edu/vf-whe/Record/whe_925128</link>
      <guid>http://vufind.carli.illinois.edu/vf-whe/Record/whe_925128</guid>
      <description>&lt;BR/&gt;&lt;B&gt;Author: &lt;/B&gt;Romaine, William, 1714-1795. &lt;BR/&gt;&lt;B&gt;Edition: &lt;/B&gt;New ed. &lt;BR/&gt;&lt;B&gt;Location: &lt;/B&gt;Special Collections -- Rare Fragile (BGC 3rd floor)&lt;BR/&gt;&lt;B&gt;Call number: &lt;/B&gt;SC-236 234.2 R66t, 1835</description>
      <pubDate>Wed, 30 Aug 2017 16:58:31 GMT</pubDate>
      </item>
      <item>
      <title>Treatises upon the life, walk, and triumph of faith / by the Rev. W. Romaine ; with an introductory essay by Thomas Chalmers. </title>
      <link>http://vufind.carli.illinois.edu/vf-whe/Record/whe_925131</link>
      <guid>http://vufind.carli.illinois.edu/vf-whe/Record/whe_925131</guid>
      <description>&lt;BR/&gt;&lt;B&gt;Author: &lt;/B&gt;Romaine, William, 1714-1795, &lt;BR/&gt;&lt;B&gt;Location: &lt;/B&gt;Special Collections -- Rare Fragile (BGC 3rd floor)&lt;BR/&gt;&lt;B&gt;Call number: &lt;/B&gt;SC-236 234.2 R66, 1822</description>
      <pubDate>Wed, 30 Aug 2017 16:58:31 GMT</pubDate>
      </item>
      <item>
      <title>Life of the Rev. Rowland Hill, A.M. / by Edwin Sidney. </title>
      <link>http://vufind.carli.illinois.edu/vf-whe/Record/whe_925141</link>
      <guid>http://vufind.carli.illinois.edu/vf-whe/Record/whe_925141</guid>
      <description>&lt;BR/&gt;&lt;B&gt;Author: &lt;/B&gt;Sidney, Edwin, -1872. &lt;BR/&gt;&lt;B&gt;Edition: &lt;/B&gt;1st American ed. &lt;BR/&gt;&lt;B&gt;Location: &lt;/B&gt;Special Collections -- Rare Fragile (BGC 3rd floor)&lt;BR/&gt;&lt;B&gt;Call number: &lt;/B&gt;SC-236 283.092 H555s</description>
      <pubDate>Wed, 30 Aug 2017 16:58:31 GMT</pubDate>
      </item>
      <item>
      <title>Letters of the Rev. Samuel Rutherford ... : with biographical notices of his correspondents / by Rev. James Anderson ; and a sketch of his life, &amp;c., by the Rev. A.A. Bonar. </title>
      <link>http://vufind.carli.illinois.edu/vf-whe/Record/whe_925145</link>
      <guid>http://vufind.carli.illinois.edu/vf-whe/Record/whe_925145</guid>
      <description>&lt;BR/&gt;&lt;B&gt;Author: &lt;/B&gt;Rutherford, Samuel, 1600?-1661. &lt;BR/&gt;&lt;B&gt;Location: &lt;/B&gt;Special Collections -- Rare Fragile (BGC 3rd floor)&lt;BR/&gt;&lt;B&gt;Call number: &lt;/B&gt;SC-236 285.2092 R933L</description>
      <pubDate>Wed, 30 Aug 2017 16:58:31 GMT</pubDate>
      </item>
      <item>
      <title>New and living way; an orderly arrangement and exposition to the doctrines of Christian experience according to the Scriptures, by Milton S. Terry ... </title>
      <link>http://vufind.carli.illinois.edu/vf-whe/Record/whe_925148</link>
      <guid>http://vufind.carli.illinois.edu/vf-whe/Record/whe_925148</guid>
      <description>&lt;BR/&gt;&lt;B&gt;Author: &lt;/B&gt;Terry, Milton Spenser, 1840-1914. &lt;BR/&gt;&lt;B&gt;Location: &lt;/B&gt;Special Collections -- Rare Fragile (BGC 3rd floor)&lt;BR/&gt;&lt;B&gt;Call number: &lt;/B&gt;SC-236 230 T279n</description>
      <pubDate>Wed, 30 Aug 2017 16:58:31 GMT</pubDate>
      </item>
      <item>
      <title>Journal of the life, travels, and gospel labours, of that faithful servant and Minister of Christ, Job Scott. </title>
      <link>http://vufind.carli.illinois.edu/vf-whe/Record/whe_925155</link>
      <guid>http://vufind.carli.illinois.edu/vf-whe/Record/whe_925155</guid>
      <description>&lt;BR/&gt;&lt;B&gt;Author: &lt;/B&gt;Scott, Job, 1751-1793. &lt;BR/&gt;&lt;B&gt;Location: &lt;/B&gt;Special Collections -- Rare Fragile (BGC 3rd floor)&lt;BR/&gt;&lt;B&gt;Call number: &lt;/B&gt;SC-236 289.6092 Sco846j</description>
      <pubDate>Wed, 30 Aug 2017 16:58:31 GMT</pubDate>
      </item>
      <item>
      <title>Trial and triumph of faith / by Samuel Rutherford. </title>
      <link>http://vufind.carli.illinois.edu/vf-whe/Record/whe_925159</link>
      <guid>http://vufind.carli.illinois.edu/vf-whe/Record/whe_925159</guid>
      <description>&lt;BR/&gt;&lt;B&gt;Author: &lt;/B&gt;Rutherford, Samuel, 1600?-1661. &lt;BR/&gt;&lt;B&gt;Location: &lt;/B&gt;Special Collections -- Rare Fragile (BGC 3rd floor)&lt;BR/&gt;&lt;B&gt;Call number: &lt;/B&gt;SC-236 252.052 R933t</description>
      <pubDate>Wed, 30 Aug 2017 16:58:31 GMT</pubDate>
      </item>
      <item>
      <title>Eight sermons, upon practical subjects; preached at the new church in Langeitho, South Wales, by Daniel Rowland, and now attempted to be translated from the original British. </title>
      <link>http://vufind.carli.illinois.edu/vf-whe/Record/whe_925166</link>
      <guid>http://vufind.carli.illinois.edu/vf-whe/Record/whe_925166</guid>
      <description>&lt;BR/&gt;&lt;B&gt;Author: &lt;/B&gt;Rowland, Daniel, 1711-1790. &lt;BR/&gt;&lt;B&gt;Location: &lt;/B&gt;Special Collections -- Rare Fragile (BGC 3rd floor)&lt;BR/&gt;&lt;B&gt;Call number: &lt;/B&gt;SC-236 252.07 R796e</description>
      <pubDate>Wed, 30 Aug 2017 16:58:31 GMT</pubDate>
      </item>
      <item>
      <title>Historical sketch of the origin of the Secession Church, by Andrew Thomson; and, the history of the rise of the Relief Church, by Gavin Struthers. </title>
      <link>http://vufind.carli.illinois.edu/vf-whe/Record/whe_925172</link>
      <guid>http://vufind.carli.illinois.edu/vf-whe/Record/whe_925172</guid>
      <description>&lt;BR/&gt;&lt;B&gt;Author: &lt;/B&gt;Thomson, Andrew, 1814-1901. &lt;BR/&gt;&lt;B&gt;Location: &lt;/B&gt;Special Collections -- Rare Fragile (BGC 3rd floor)&lt;BR/&gt;&lt;B&gt;Call number: &lt;/B&gt;SC-236 285.23 T382h</description>
      <pubDate>Wed, 30 Aug 2017 16:58:31 GMT</pubDate>
      </item>
      <item>
      <title>Three sermons upon practical subjects, From the Following Texts: I. Luke xv. 5. And when be hath feard it, be layeth it on his shoulders rejoicing. II. John v. 6. When Jesus saw him he, and knew that he had been now a long time in that case, be said unto </title>
      <link>http://vufind.carli.illinois.edu/vf-whe/Record/whe_925180</link>
      <guid>http://vufind.carli.illinois.edu/vf-whe/Record/whe_925180</guid>
      <description>&lt;BR/&gt;&lt;B&gt;Author: &lt;/B&gt;Rowland, Daniel, 1711-1790. &lt;BR/&gt;&lt;B&gt;Location: &lt;/B&gt;Special Collections -- Rare Fragile (BGC 3rd floor)&lt;BR/&gt;&lt;B&gt;Call number: &lt;/B&gt;SC-236 252.07 R796e</description>
      <pubDate>Wed, 30 Aug 2017 16:58:31 GMT</pubDate>
      </item>
      <item>
      <title>Triumph of faith. </title>
      <link>http://vufind.carli.illinois.edu/vf-whe/Record/whe_925190</link>
      <guid>http://vufind.carli.illinois.edu/vf-whe/Record/whe_925190</guid>
      <description>&lt;BR/&gt;&lt;B&gt;Author: &lt;/B&gt;Romaine, William, 1714-1795. &lt;BR/&gt;&lt;B&gt;Edition: &lt;/B&gt;3d ed. &lt;BR/&gt;&lt;B&gt;Location: &lt;/B&gt;Special Collections -- Rare Fragile (BGC 3rd floor)&lt;BR/&gt;&lt;B&gt;Call number: &lt;/B&gt;SC-236 234.2 R66t, 1802</description>
      <pubDate>Wed, 30 Aug 2017 16:58:31 GMT</pubDate>
      </item>
      <item>
      <title>Historical disquisition concerning the knowledge which the ancients had of India; and the progress of trade with that country prior to the discovery of the passage to it by the cape of Good Hope. With an appendix, containing observations on the civil poli</title>
      <link>http://vufind.carli.illinois.edu/vf-whe/Record/whe_925222</link>
      <guid>http://vufind.carli.illinois.edu/vf-whe/Record/whe_925222</guid>
      <description>&lt;BR/&gt;&lt;B&gt;Author: &lt;/B&gt;Robertson, William, 1721-1793. &lt;BR/&gt;&lt;B&gt;Location: &lt;/B&gt;Special Collections -- Rare Fragile (BGC 3rd floor)&lt;BR/&gt;&lt;B&gt;Call number: &lt;/B&gt;SC-236 954.02 R549h</description>
      <pubDate>Wed, 30 Aug 2017 16:58:31 GMT</pubDate>
      </item>
      <item>
      <title>Early Jesuit missions in North America / compiled and translated from the letters of the French Jesuits, with notes, by William Ingraham Kip. </title>
      <link>http://vufind.carli.illinois.edu/vf-whe/Record/whe_925223</link>
      <guid>http://vufind.carli.illinois.edu/vf-whe/Record/whe_925223</guid>
      <description>&lt;BR/&gt;&lt;B&gt;Location: &lt;/B&gt;Special Collections -- Rare Fragile (BGC 3rd floor)&lt;BR/&gt;&lt;B&gt;Call number: &lt;/B&gt;SC-236 271.5307 Ea764k</description>
      <pubDate>Wed, 30 Aug 2017 16:58:31 GMT</pubDate>
      </item>
      <item>
      <title>Occasional discourses, including several never before published By Francis Wayland. </title>
      <link>http://vufind.carli.illinois.edu/vf-whe/Record/whe_925238</link>
      <guid>http://vufind.carli.illinois.edu/vf-whe/Record/whe_925238</guid>
      <description>&lt;BR/&gt;&lt;B&gt;Author: &lt;/B&gt;Wayland, Francis, 1796-1865. &lt;BR/&gt;&lt;B&gt;Location: &lt;/B&gt;Special Collections -- Rare Fragile (BGC 3rd floor)&lt;BR/&gt;&lt;B&gt;Call number: &lt;/B&gt;SC-236 252.061 W364o</description>
      <pubDate>Wed, 30 Aug 2017 16:58:31 GMT</pubDate>
      </item>
      <item>
      <title>Sermons on miscellaneous subjects / by the bishops of the Methodist Episcopal Church, and the senior preachers of the Ohio and North Ohio Conferences. </title>
      <link>http://vufind.carli.illinois.edu/vf-whe/Record/whe_925242</link>
      <guid>http://vufind.carli.illinois.edu/vf-whe/Record/whe_925242</guid>
      <description>&lt;BR/&gt;&lt;B&gt;Location: &lt;/B&gt;Special Collections -- Rare Fragile (BGC 3rd floor)&lt;BR/&gt;&lt;B&gt;Call number: &lt;/B&gt;SC-236 252.076 Se676b</description>
      <pubDate>Wed, 30 Aug 2017 16:58:31 GMT</pubDate>
      </item>
      <item>
      <title>Miscellanies / by William R. Williams. </title>
      <link>http://vufind.carli.illinois.edu/vf-whe/Record/whe_925264</link>
      <guid>http://vufind.carli.illinois.edu/vf-whe/Record/whe_925264</guid>
      <description>&lt;BR/&gt;&lt;B&gt;Author: &lt;/B&gt;Williams, William R., 1804-1885. &lt;BR/&gt;&lt;B&gt;Edition: &lt;/B&gt;2nd ed. &lt;BR/&gt;&lt;B&gt;Location: &lt;/B&gt;Special Collections -- Rare Fragile (BGC 3rd floor)&lt;BR/&gt;&lt;B&gt;Call number: &lt;/B&gt;SC-236 252.061 W676m</description>
      <pubDate>Wed, 30 Aug 2017 16:58:31 GMT</pubDate>
      </item>
      <item>
      <title>Life and ministry of the Rev. Samuel Walker, B.A., formerly of Truro, Cornwall / by Edwin Sidney. </title>
      <link>http://vufind.carli.illinois.edu/vf-whe/Record/whe_925265</link>
      <guid>http://vufind.carli.illinois.edu/vf-whe/Record/whe_925265</guid>
      <description>&lt;BR/&gt;&lt;B&gt;Author: &lt;/B&gt;Sidney, Edwin, 1791-1872. &lt;BR/&gt;&lt;B&gt;Edition: &lt;/B&gt;2nd ed., rev. and enl. &lt;BR/&gt;&lt;B&gt;Location: &lt;/B&gt;Special Collections -- Rare Fragile (BGC 3rd floor)&lt;BR/&gt;&lt;B&gt;Call number: &lt;/B&gt;SC-236 287.6092 W154s</description>
      <pubDate>Wed, 30 Aug 2017 16:58:31 GMT</pubDate>
      </item>
      <item>
      <title>Maritime discovery and Christian missions : considered in their mutual relations / By John Campbell ; illustrated with engravings by G. Baxter. </title>
      <link>http://vufind.carli.illinois.edu/vf-whe/Record/whe_925266</link>
      <guid>http://vufind.carli.illinois.edu/vf-whe/Record/whe_925266</guid>
      <description>&lt;BR/&gt;&lt;B&gt;Author: &lt;/B&gt;Campbell, John, 1794-1867, &lt;BR/&gt;&lt;B&gt;Location: &lt;/B&gt;Special Collections -- Rare Fragile (BGC 3rd floor)&lt;BR/&gt;&lt;B&gt;Call number: &lt;/B&gt;SC-236 266.0092 C152m</description>
      <pubDate>Wed, 30 Aug 2017 16:58:31 GMT</pubDate>
      </item>
      <item>
      <title>Collection of hymns, for the use of the people called Methodists / by John Wesley ; with a new supplement. </title>
      <link>http://vufind.carli.illinois.edu/vf-whe/Record/whe_925269</link>
      <guid>http://vufind.carli.illinois.edu/vf-whe/Record/whe_925269</guid>
      <description>&lt;BR/&gt;&lt;B&gt;Author: &lt;/B&gt;Wesley, John, 1703-1791. &lt;BR/&gt;&lt;B&gt;Location: &lt;/B&gt;Special Collections -- Rare Fragile (BGC 3rd floor)&lt;BR/&gt;&lt;B&gt;Call number: &lt;/B&gt;SC-236 264.23 W516c</description>
      <pubDate>Wed, 30 Aug 2017 16:58:31 GMT</pubDate>
      </item>
      <item>
      <title>This business of being converted : and other kindred themes / by Ralph G. Turnbull. </title>
      <link>http://vufind.carli.illinois.edu/vf-whe/Record/whe_925271</link>
      <guid>http://vufind.carli.illinois.edu/vf-whe/Record/whe_925271</guid>
      <description>&lt;BR/&gt;&lt;B&gt;Author: &lt;/B&gt;Turnbull, Ralph G. &lt;BR/&gt;&lt;B&gt;Location: &lt;/B&gt;Special Collections -- Rare Fragile (BGC 3rd floor)&lt;BR/&gt;&lt;B&gt;Call number: &lt;/B&gt;SC-236 248.24 T849b</description>
      <pubDate>Wed, 30 Aug 2017 16:58:31 GMT</pubDate>
      </item>
      <item>
      <title>Some account of the conduct of the Religious Society of Friends towards the Indian tribes : in the settlement of the colonies of East and West Jersey and Pennsylvania : with a brief narrative of their labours for the civilization and Christian instruction</title>
      <link>http://vufind.carli.illinois.edu/vf-whe/Record/whe_925272</link>
      <guid>http://vufind.carli.illinois.edu/vf-whe/Record/whe_925272</guid>
      <description>&lt;BR/&gt;&lt;B&gt;Author: &lt;/B&gt;London Yearly Meeting (Society of Friends). Aborigines' Committee. &lt;BR/&gt;&lt;B&gt;Location: &lt;/B&gt;Special Collections -- Rare Fragile (BGC 3rd floor)&lt;BR/&gt;&lt;B&gt;Call number: &lt;/B&gt;SC-236 289.673 Ab763s</description>
      <pubDate>Wed, 30 Aug 2017 16:58:31 GMT</pubDate>
      </item>
      <item>
      <title>Power of the Word / produced by the Communications Department of Wycliffe Bible Translators USA. </title>
      <link>http://vufind.carli.illinois.edu/vf-whe/Record/whe_925276</link>
      <guid>http://vufind.carli.illinois.edu/vf-whe/Record/whe_925276</guid>
      <description>&lt;BR/&gt;&lt;B&gt;Author: &lt;/B&gt;Wycliffe Bible Translators USA. &lt;BR/&gt;&lt;B&gt;Location: &lt;/B&gt;DVDs &amp; Videos (Buswell Lower Level)&lt;BR/&gt;&lt;B&gt;Call number: &lt;/B&gt;266.02373 P871w</description>
      <pubDate>Wed, 30 Aug 2017 16:58:31 GMT</pubDate>
      </item>
      <item>
      <title>Short account of Mr. James Rogers / written by himself. </title>
      <link>http://vufind.carli.illinois.edu/vf-whe/Record/whe_925299</link>
      <guid>http://vufind.carli.illinois.edu/vf-whe/Record/whe_925299</guid>
      <description>&lt;BR/&gt;&lt;B&gt;Author: &lt;/B&gt;Rogers, James, 1749-1807. &lt;BR/&gt;&lt;B&gt;Location: &lt;/B&gt;Special Collections -- Rare Fragile (BGC 3rd floor)&lt;BR/&gt;&lt;B&gt;Call number: &lt;/B&gt;SC-236 287.092 R632s</description>
      <pubDate>Wed, 30 Aug 2017 16:58:31 GMT</pubDate>
      </item>
      <item>
      <title>Short account of the experience of Mrs. H. A. Rogers / written by herself ; with a brief extract from her diary. </title>
      <link>http://vufind.carli.illinois.edu/vf-whe/Record/whe_925300</link>
      <guid>http://vufind.carli.illinois.edu/vf-whe/Record/whe_925300</guid>
      <description>&lt;BR/&gt;&lt;B&gt;Author: &lt;/B&gt;Rogers, Hester Ann, 1756-1794, &lt;BR/&gt;&lt;B&gt;Location: &lt;/B&gt;Special Collections -- Rare Fragile (BGC 3rd floor)&lt;BR/&gt;&lt;B&gt;Call number: &lt;/B&gt;SC-236 287.092 R632s</description>
      <pubDate>Wed, 30 Aug 2017 16:58:31 GMT</pubDate>
      </item>
      <item>
      <title>Mutual communion of saints exemplified; by shewing the necessity and advantages of weekly meetings, for a communication of experience. To which are prefixed, specimens of these meetings from different churches in Europe. By Joseph Sutcliffe. </title>
      <link>http://vufind.carli.illinois.edu/vf-whe/Record/whe_925301</link>
      <guid>http://vufind.carli.illinois.edu/vf-whe/Record/whe_925301</guid>
      <description>&lt;BR/&gt;&lt;B&gt;Author: &lt;/B&gt;Sutcliffe, Joseph, 1762-1856. &lt;BR/&gt;&lt;B&gt;Edition: &lt;/B&gt;3d ed. &lt;BR/&gt;&lt;B&gt;Location: &lt;/B&gt;Special Collections -- Rare Fragile (BGC 3rd floor)&lt;BR/&gt;&lt;B&gt;Call number: &lt;/B&gt;SC-236 287.092 R632s</description>
      <pubDate>Wed, 30 Aug 2017 16:58:31 GMT</pubDate>
      </item>
      <item>
      <title>Spiritual letters / by Mrs. H.A. Rogers, written before and after her marriage ; peculiarly calculated to illustrate and enforce holiness of heart and life. </title>
      <link>http://vufind.carli.illinois.edu/vf-whe/Record/whe_925302</link>
      <guid>http://vufind.carli.illinois.edu/vf-whe/Record/whe_925302</guid>
      <description>&lt;BR/&gt;&lt;B&gt;Author: &lt;/B&gt;Rogers, Hester Ann, 1756-1794, &lt;BR/&gt;&lt;B&gt;Location: &lt;/B&gt;Special Collections -- Rare Fragile (BGC 3rd floor)&lt;BR/&gt;&lt;B&gt;Call number: &lt;/B&gt;SC-236 287.092 R632s</description>
      <pubDate>Wed, 30 Aug 2017 16:58:31 GMT</pubDate>
      </item>
      <item>
      <title>Loving your city into the kingdom : a city reaching strategy into the 21st century / featuring Ted Haggard. </title>
      <link>http://vufind.carli.illinois.edu/vf-whe/Record/whe_925306</link>
      <guid>http://vufind.carli.illinois.edu/vf-whe/Record/whe_925306</guid>
      <description>&lt;BR/&gt;&lt;B&gt;Author: &lt;/B&gt;Haggard, Ted. &lt;BR/&gt;&lt;B&gt;Location: &lt;/B&gt;DVDs &amp; Videos (Buswell Lower Level)&lt;BR/&gt;&lt;B&gt;Call number: &lt;/B&gt;253.09173 L948h</description>
      <pubDate>Wed, 30 Aug 2017 16:58:31 GMT</pubDate>
      </item>
      <item>
      <title>Lion on the hill : a history of St. Mark's Church, Dundela, Belfast : 1878-1998 / J.C. Beckett. </title>
      <link>http://vufind.carli.illinois.edu/vf-whe/Record/whe_925311</link>
      <guid>http://vufind.carli.illinois.edu/vf-whe/Record/whe_925311</guid>
      <description>&lt;BR/&gt;&lt;B&gt;Author: &lt;/B&gt;Beckett, J. C. (James Camlin), 1912-1996. &lt;BR/&gt;&lt;B&gt;Edition: &lt;/B&gt;2nd ed. revision of the lists of clergy and an additional chapter by Anthony M. Wilson. &lt;BR/&gt;&lt;B&gt;Location: &lt;/B&gt;Wade Center -- Stacks (See Desk Attendant)&lt;BR/&gt;&lt;B&gt;Call number: &lt;/B&gt;BX5570.B4 B43 1998</description>
      <pubDate>Wed, 30 Aug 2017 16:58:31 GMT</pubDate>
      </item>
      <item>
      <title>Cove : Billy Graham Training Center / Billy Graham Evangelistic Association. </title>
      <link>http://vufind.carli.illinois.edu/vf-whe/Record/whe_925313</link>
      <guid>http://vufind.carli.illinois.edu/vf-whe/Record/whe_925313</guid>
      <description>&lt;BR/&gt;&lt;B&gt;Location: &lt;/B&gt;DVDs &amp; Videos (Buswell Lower Level)&lt;BR/&gt;&lt;B&gt;Call number: &lt;/B&gt;268.2 C838b</description>
      <pubDate>Wed, 30 Aug 2017 16:58:31 GMT</pubDate>
      </item>
      <item>
      <title>Memorials of the Stuart dynasty, including the constitutional and ecclesiastical history of England, from the Decease of Elizabeth to the abdication of James II. By Robert Vaughan. </title>
      <link>http://vufind.carli.illinois.edu/vf-whe/Record/whe_925322</link>
      <guid>http://vufind.carli.illinois.edu/vf-whe/Record/whe_925322</guid>
      <description>&lt;BR/&gt;&lt;B&gt;Author: &lt;/B&gt;Vaughan, Robert, 1795-1868. &lt;BR/&gt;&lt;B&gt;Location: &lt;/B&gt;Special Collections -- Rare Fragile (BGC 3rd floor)&lt;BR/&gt;&lt;B&gt;Call number: &lt;/B&gt;SC-236 942.06 V465m</description>
      <pubDate>Wed, 30 Aug 2017 16:58:31 GMT</pubDate>
      </item>
      <item>
      <title>Pilgrimage to Jerusalem; the story of the cruise to the World's fourth Sunday-school convention, held in the city of Jerusalem, and of a ride through Palestine. By Charles Gallaudet Trumbull; illustrated from photographs by the author. </title>
      <link>http://vufind.carli.illinois.edu/vf-whe/Record/whe_925344</link>
      <guid>http://vufind.carli.illinois.edu/vf-whe/Record/whe_925344</guid>
      <description>&lt;BR/&gt;&lt;B&gt;Author: &lt;/B&gt;Trumbull, Charles G. (Charles Gallaudet), 1872-1941. &lt;BR/&gt;&lt;B&gt;Edition: &lt;/B&gt;[Pilgrim's ed.]. &lt;BR/&gt;&lt;B&gt;Location: &lt;/B&gt;Special Collections -- Rare Fragile (BGC 3rd floor)&lt;BR/&gt;&lt;B&gt;Call number: &lt;/B&gt;SC-236 915.69404 T771p</description>
      <pubDate>Wed, 30 Aug 2017 16:58:31 GMT</pubDate>
      </item>
      <item>
      <title>Narrative of the persecution of the Christians in Madagascar : with details of the escape of the six Christian refugees now in England / by J.J. Freeman and D. Johns, formerly missionaries in the island. </title>
      <link>http://vufind.carli.illinois.edu/vf-whe/Record/whe_925347</link>
      <guid>http://vufind.carli.illinois.edu/vf-whe/Record/whe_925347</guid>
      <description>&lt;BR/&gt;&lt;B&gt;Author: &lt;/B&gt;Freeman, J. J. (Joseph John), 1794-1851. &lt;BR/&gt;&lt;B&gt;Location: &lt;/B&gt;Special Collections -- Rare Fragile (BGC 3rd floor)&lt;BR/&gt;&lt;B&gt;Call number: &lt;/B&gt;SC-236 276.91 F877n</description>
      <pubDate>Wed, 30 Aug 2017 16:58:31 GMT</pubDate>
      </item>
      <item>
      <title>Persecution expos'd : in some memoirs relating to the sufferings of John Whiting, and many others of the people called Quakers, for conscience sake, in the west of England, &amp;c. With memoirs of many eminent Friends deceased, and other memorable matters and</title>
      <link>http://vufind.carli.illinois.edu/vf-whe/Record/whe_925348</link>
      <guid>http://vufind.carli.illinois.edu/vf-whe/Record/whe_925348</guid>
      <description>&lt;BR/&gt;&lt;B&gt;Location: &lt;/B&gt;Special Collections -- Rare Fragile (BGC 3rd floor)&lt;BR/&gt;&lt;B&gt;Call number: &lt;/B&gt;SC-236 289.6092 W589p</description>
      <pubDate>Wed, 30 Aug 2017 16:58:31 GMT</pubDate>
      </item>
      <item>
      <title>Miracles, a preliminary study / C.S. Lewis. </title>
      <link>http://vufind.carli.illinois.edu/vf-whe/Record/whe_925356</link>
      <guid>http://vufind.carli.illinois.edu/vf-whe/Record/whe_925356</guid>
      <description>&lt;BR/&gt;&lt;B&gt;Author: &lt;/B&gt;Lewis, C. S. (Clive Staples), 1898-1963. &lt;BR/&gt;&lt;B&gt;Edition: &lt;/B&gt;1st American pbk. ed. &lt;BR/&gt;&lt;B&gt;Location: &lt;/B&gt;Wade Center -- Stacks (See Desk Attendant)&lt;BR/&gt;&lt;B&gt;Call number: &lt;/B&gt;BT97 .L49 1968</description>
      <pubDate>Wed, 30 Aug 2017 16:58:31 GMT</pubDate>
      </item>
      <item>
      <title>Surprised by joy : the shape of my early life / C.S. Lewis. </title>
      <link>http://vufind.carli.illinois.edu/vf-whe/Record/whe_925358</link>
      <guid>http://vufind.carli.illinois.edu/vf-whe/Record/whe_925358</guid>
      <description>&lt;img border=&quot;0&quot; src=&quot;http://images.amazon.com/images/P/0156870118.01._PB_SCMZZZZZZZ_.jpg&quot; vspace=&quot;3&quot; border=&quot;0&quot; align=&quot;right&quot;/&gt;&lt;BR/&gt;&lt;B&gt;Author: &lt;/B&gt;Lewis, C. S. (Clive Staples), 1898-1963. &lt;BR/&gt;&lt;B&gt;Edition: &lt;/B&gt;[1st American ed.]. &lt;BR/&gt;&lt;B&gt;ISBN: &lt;/B&gt;0156870118 &lt;BR/&gt;&lt;B&gt;Location: &lt;/B&gt;Wade Center -- Stacks (See Desk Attendant)&lt;BR/&gt;&lt;B&gt;Call number: &lt;/B&gt;BV4935.L43 S87 1956</description>
      <pubDate>Wed, 30 Aug 2017 16:58:31 GMT</pubDate>
      </item>
      <item>
      <title>String quartet no. 6 / Heitor Villa-Lobos. </title>
      <link>http://vufind.carli.illinois.edu/vf-whe/Record/whe_925359</link>
      <guid>http://vufind.carli.illinois.edu/vf-whe/Record/whe_925359</guid>
      <description>&lt;BR/&gt;&lt;B&gt;Author: &lt;/B&gt;Villa-Lobos, Heitor. &lt;BR/&gt;&lt;B&gt;Location: &lt;/B&gt;Music Library (Buswell Lower Level)&lt;BR/&gt;&lt;B&gt;Call number: &lt;/B&gt;SCORE 785.747 V711q No.6as</description>
      <pubDate>Wed, 30 Aug 2017 16:58:31 GMT</pubDate>
      </item>
      <item>
      <title>Missa in angustiis = Mass in D minor : for soloists, chorus, orchestra and organ / by Joseph Haydn ; edited by H.C. Robbins Landon. </title>
      <link>http://vufind.carli.illinois.edu/vf-whe/Record/whe_925361</link>
      <guid>http://vufind.carli.illinois.edu/vf-whe/Record/whe_925361</guid>
      <description>&lt;BR/&gt;&lt;B&gt;Author: &lt;/B&gt;Haydn, Joseph, 1732-1809. &lt;BR/&gt;&lt;B&gt;Location: &lt;/B&gt;Music Library (Buswell Lower Level)&lt;BR/&gt;&lt;B&gt;Call number: &lt;/B&gt;SCORE 785.99322 H324neu</description>
      <pubDate>Wed, 30 Aug 2017 16:58:31 GMT</pubDate>
      </item>
      <item>
      <title>Mass in C major (no. 4) ; Gesänge zur Feier des heiligen Opfers der Messe (no. 7) / Franz Schubert. </title>
      <link>http://vufind.carli.illinois.edu/vf-whe/Record/whe_925362</link>
      <guid>http://vufind.carli.illinois.edu/vf-whe/Record/whe_925362</guid>
      <description>&lt;BR/&gt;&lt;B&gt;Author: &lt;/B&gt;Schubert, Franz, 1797-1828. &lt;BR/&gt;&lt;B&gt;Location: &lt;/B&gt;Music Library (Buswell Lower Level)&lt;BR/&gt;&lt;B&gt;Call number: &lt;/B&gt;SCORE 785.99322 Sch78 No.4ka</description>
      <pubDate>Wed, 30 Aug 2017 16:58:31 GMT</pubDate>
      </item>
      <item>
      <title>Requiem : for 4 voices, 2 violins, viola, bass, 2 bassett horns, 2 bassoons, trombones, trumpets, drums and organ ; Köchel, no. 626 / by Wolfgang Amadeus Mozart ; revised from the M.S. and complementary sources by Friedrich Blume. </title>
      <link>http://vufind.carli.illinois.edu/vf-whe/Record/whe_925363</link>
      <guid>http://vufind.carli.illinois.edu/vf-whe/Record/whe_925363</guid>
      <description>&lt;BR/&gt;&lt;B&gt;Author: &lt;/B&gt;Mozart, Wolfgang Amadeus, 1756-1791. &lt;BR/&gt;&lt;B&gt;Location: &lt;/B&gt;Music Library (Buswell Lower Level)&lt;BR/&gt;&lt;B&gt;Call number: &lt;/B&gt;SCORE 785.99329 M877 K.626eu</description>
      <pubDate>Wed, 30 Aug 2017 16:58:31 GMT</pubDate>
      </item>
      <item>
      <title>Messa da Requiem : for 4 solo voices, mixed chorus, and orchestra / Giuseppe Verdi ; foreword by Fritz Stein. </title>
      <link>http://vufind.carli.illinois.edu/vf-whe/Record/whe_925364</link>
      <guid>http://vufind.carli.illinois.edu/vf-whe/Record/whe_925364</guid>
      <description>&lt;BR/&gt;&lt;B&gt;Author: &lt;/B&gt;Verdi, Giuseppe, 1813-1901. &lt;BR/&gt;&lt;B&gt;Location: &lt;/B&gt;Music Library (Buswell Lower Level)&lt;BR/&gt;&lt;B&gt;Call number: &lt;/B&gt;SCORE 785.99329 V584eu</description>
      <pubDate>Wed, 30 Aug 2017 16:58:31 GMT</pubDate>
      </item>
      <item>
      <title>Concerto for violin and orchestra, D major, K218 / Wolfgang Amadeus Mozart ; edited by Rudolf Gerber ; foreword by Roger Fiske . </title>
      <link>http://vufind.carli.illinois.edu/vf-whe/Record/whe_925365</link>
      <guid>http://vufind.carli.illinois.edu/vf-whe/Record/whe_925365</guid>
      <description>&lt;BR/&gt;&lt;B&gt;Author: &lt;/B&gt;Mozart, Wolfgang Amadeus, 1756-1791. &lt;BR/&gt;&lt;B&gt;Location: &lt;/B&gt;Music Library (Buswell Lower Level)&lt;BR/&gt;&lt;B&gt;Call number: &lt;/B&gt;SCORE 785.9671 M877 K.218eu</description>
      <pubDate>Wed, 30 Aug 2017 16:58:31 GMT</pubDate>
      </item>
      <item>
      <title>Invitation to madrigals : for SSA / newly transcribed and edited by Thurston Dart. </title>
      <link>http://vufind.carli.illinois.edu/vf-whe/Record/whe_925366</link>
      <guid>http://vufind.carli.illinois.edu/vf-whe/Record/whe_925366</guid>
      <description>&lt;BR/&gt;&lt;B&gt;Location: &lt;/B&gt;Music Library (Buswell Lower Level)&lt;BR/&gt;&lt;B&gt;Call number: &lt;/B&gt;SCORE 784.12 In8st</description>
      <pubDate>Wed, 30 Aug 2017 16:58:31 GMT</pubDate>
      </item>
      <item>
      <title>Cantatas nos. 80-82 / Johann Sebastian Bach. </title>
      <link>http://vufind.carli.illinois.edu/vf-whe/Record/whe_925367</link>
      <guid>http://vufind.carli.illinois.edu/vf-whe/Record/whe_925367</guid>
      <description>&lt;BR/&gt;&lt;B&gt;Author: &lt;/B&gt;Bach, Johann Sebastian, 1685-1750. &lt;BR/&gt;&lt;B&gt;Location: &lt;/B&gt;Music Library (Buswell Lower Level)&lt;BR/&gt;&lt;B&gt;Call number: &lt;/B&gt;SCORE 785.9934 B122c S.80-82bm</description>
      <pubDate>Wed, 30 Aug 2017 16:58:31 GMT</pubDate>
      </item>
      <item>
      <title>Cantatas nos. 169-172 / Johann Sebastian Bach. </title>
      <link>http://vufind.carli.illinois.edu/vf-whe/Record/whe_925368</link>
      <guid>http://vufind.carli.illinois.edu/vf-whe/Record/whe_925368</guid>
      <description>&lt;BR/&gt;&lt;B&gt;Author: &lt;/B&gt;Bach, Johann Sebastian, 1685-1750. &lt;BR/&gt;&lt;B&gt;Location: &lt;/B&gt;Music Library (Buswell Lower Level)&lt;BR/&gt;&lt;B&gt;Call number: &lt;/B&gt;SCORE 785.9934 B122c S.196-172bm</description>
      <pubDate>Wed, 30 Aug 2017 16:58:31 GMT</pubDate>
      </item>
      <item>
      <title>Cantata no. 215 : Preise dein Glücke, gesegnetes Sachsen ; 216, Vergnügte Pleissen-Stadt (Text only) / Johann Sebastian Bach. </title>
      <link>http://vufind.carli.illinois.edu/vf-whe/Record/whe_925370</link>
      <guid>http://vufind.carli.illinois.edu/vf-whe/Record/whe_925370</guid>
      <description>&lt;BR/&gt;&lt;B&gt;Author: &lt;/B&gt;Bach, Johann Sebastian, 1685-1750. &lt;BR/&gt;&lt;B&gt;Location: &lt;/B&gt;Music Library (Buswell Lower Level)&lt;BR/&gt;&lt;B&gt;Call number: &lt;/B&gt;SCORE 785.99282 B122 S.215ka</description>
      <pubDate>Wed, 30 Aug 2017 16:58:31 GMT</pubDate>
      </item>
      <item>
      <title>Kantate no. 106 : Gottes Zeit = God's own time : Actus tragicus / J.S. Bach ; English translation by C. Sanford Terry ; arrangement of the continuo by Arthur Willner. </title>
      <link>http://vufind.carli.illinois.edu/vf-whe/Record/whe_925371</link>
      <guid>http://vufind.carli.illinois.edu/vf-whe/Record/whe_925371</guid>
      <description>&lt;BR/&gt;&lt;B&gt;Author: &lt;/B&gt;Bach, Johann Sebastian, 1685-1750. &lt;BR/&gt;&lt;B&gt;Location: &lt;/B&gt;Music Library (Buswell Lower Level)&lt;BR/&gt;&lt;B&gt;Call number: &lt;/B&gt;SCORE 785.9934 B122c S.106wi</description>
      <pubDate>Wed, 30 Aug 2017 16:58:31 GMT</pubDate>
      </item>
      <item>
      <title>Kantate no. 50: Nun ist das Heil = Now shall the grace. the English translation is by J. Troutbeck. </title>
      <link>http://vufind.carli.illinois.edu/vf-whe/Record/whe_925372</link>
      <guid>http://vufind.carli.illinois.edu/vf-whe/Record/whe_925372</guid>
      <description>&lt;BR/&gt;&lt;B&gt;Author: &lt;/B&gt;Bach, Johann Sebastian, 1685-1750. &lt;BR/&gt;&lt;B&gt;Location: &lt;/B&gt;Music Library (Buswell Lower Level)&lt;BR/&gt;&lt;B&gt;Call number: &lt;/B&gt;SCORE 785.9934 B122c S.50wi</description>
      <pubDate>Wed, 30 Aug 2017 16:58:31 GMT</pubDate>
      </item>
      <item>
      <title>History of the rise, increase, and progress of the Christian people called Quakers. : Intermixed with several remarkable occurrences. / Written originally in Low Dutch and also translated into English, by William Sewel. ; In two volumes. Vol. I[-II]. </title>
      <link>http://vufind.carli.illinois.edu/vf-whe/Record/whe_925396</link>
      <guid>http://vufind.carli.illinois.edu/vf-whe/Record/whe_925396</guid>
      <description>&lt;BR/&gt;&lt;B&gt;Author: &lt;/B&gt;Sewel, William, 1653-1720. &lt;BR/&gt;&lt;B&gt;Location: &lt;/B&gt;Special Collections -- Rare Fragile (BGC 3rd floor)&lt;BR/&gt;&lt;B&gt;Call number: &lt;/B&gt;SC-236 289.609 Se88h</description>
      <pubDate>Wed, 30 Aug 2017 16:58:31 GMT</pubDate>
      </item>
      <item>
      <title>Voyage of the Dawn Treader / C.S. Lewis ; illustrations by Pauline Baynes. </title>
      <link>http://vufind.carli.illinois.edu/vf-whe/Record/whe_925398</link>
      <guid>http://vufind.carli.illinois.edu/vf-whe/Record/whe_925398</guid>
      <description>&lt;img border=&quot;0&quot; src=&quot;http://images.amazon.com/images/P/0006716652.01._PB_SCMZZZZZZZ_.jpg&quot; vspace=&quot;3&quot; border=&quot;0&quot; align=&quot;right&quot;/&gt;&lt;BR/&gt;&lt;B&gt;Author: &lt;/B&gt;Lewis, C. S. (Clive Staples), 1898-1963. &lt;BR/&gt;&lt;B&gt;ISBN: &lt;/B&gt;0006716652 &lt;BR/&gt;&lt;B&gt;Location: &lt;/B&gt;Wade Center -- Stacks (See Desk Attendant)&lt;BR/&gt;&lt;B&gt;Call number: &lt;/B&gt;PR6023.E926 C47 V6 1980</description>
      <pubDate>Wed, 30 Aug 2017 16:58:31 GMT</pubDate>
      </item>
      <item>
      <title>Fairies: the Cottingley photographs and their sequel, by Edward L. Gardner. </title>
      <link>http://vufind.carli.illinois.edu/vf-whe/Record/whe_925400</link>
      <guid>http://vufind.carli.illinois.edu/vf-whe/Record/whe_925400</guid>
      <description>&lt;BR/&gt;&lt;B&gt;Author: &lt;/B&gt;Gardner, Edward L. &lt;BR/&gt;&lt;B&gt;Edition: &lt;/B&gt;4th rev. ed. &lt;BR/&gt;&lt;B&gt;Location: &lt;/B&gt;Wade Center -- Stacks (See Desk Attendant)&lt;BR/&gt;&lt;B&gt;Call number: &lt;/B&gt;Kilby Lib. BF1552 .G3 1966</description>
      <pubDate>Wed, 30 Aug 2017 16:58:31 GMT</pubDate>
      </item>
      <item>
      <title>Dandelion wine / Ray Bradbury. </title>
      <link>http://vufind.carli.illinois.edu/vf-whe/Record/whe_925401</link>
      <guid>http://vufind.carli.illinois.edu/vf-whe/Record/whe_925401</guid>
      <description>&lt;BR/&gt;&lt;B&gt;Author: &lt;/B&gt;Bradbury, Ray, 1920-2012. &lt;BR/&gt;&lt;B&gt;Location: &lt;/B&gt;Wade Center -- Stacks (See Desk Attendant)&lt;BR/&gt;&lt;B&gt;Call number: &lt;/B&gt;Kilby Lib. PS3503.R167 D3 1964</description>
      <pubDate>Wed, 30 Aug 2017 16:58:31 GMT</pubDate>
      </item>
      <item>
      <title>Father Neptune and the dragon / Vera Marie Gebbert ; illustrated by Tony Prado. </title>
      <link>http://vufind.carli.illinois.edu/vf-whe/Record/whe_925404</link>
      <guid>http://vufind.carli.illinois.edu/vf-whe/Record/whe_925404</guid>
      <description>&lt;BR/&gt;&lt;B&gt;Author: &lt;/B&gt;Gebbert, Vera Marie. &lt;BR/&gt;&lt;B&gt;Location: &lt;/B&gt;Wade Center -- Stacks (See Desk Attendant)&lt;BR/&gt;&lt;B&gt;Call number: &lt;/B&gt;Kilby Lib. PZ7 .G43 Fa 1983</description>
      <pubDate>Wed, 30 Aug 2017 16:58:31 GMT</pubDate>
      </item>
      <item>
      <title>Wind in the willows / Kenneth Grahame ; illustrated by Michael Hague. </title>
      <link>http://vufind.carli.illinois.edu/vf-whe/Record/whe_925408</link>
      <guid>http://vufind.carli.illinois.edu/vf-whe/Record/whe_925408</guid>
      <description>&lt;img border=&quot;0&quot; src=&quot;http://images.amazon.com/images/P/0030562945.01._PB_SCMZZZZZZZ_.jpg&quot; vspace=&quot;3&quot; border=&quot;0&quot; align=&quot;right&quot;/&gt;&lt;BR/&gt;&lt;B&gt;Author: &lt;/B&gt;Grahame, Kenneth, 1859-1932. &lt;BR/&gt;&lt;B&gt;ISBN: &lt;/B&gt;0030562945 &lt;BR/&gt;&lt;B&gt;Location: &lt;/B&gt;Wade Center -- Stacks (See Desk Attendant)&lt;BR/&gt;&lt;B&gt;Call number: &lt;/B&gt;Kilby Lib. PZ7.G759 Wi 1980</description>
      <pubDate>Wed, 30 Aug 2017 16:58:31 GMT</pubDate>
      </item>
      <item>
      <title>Way of seeing : the inward &amp; outward vision of Lilias Trotter / artist &amp; author: Lilias Trotter ; edited &amp; compiled by: Miriam Huffman Rockness. </title>
      <link>http://vufind.carli.illinois.edu/vf-whe/Record/whe_925410</link>
      <guid>http://vufind.carli.illinois.edu/vf-whe/Record/whe_925410</guid>
      <description>&lt;img border=&quot;0&quot; src=&quot;http://images.amazon.com/images/P/9781938068195.01._PB_SCMZZZZZZZ_.jpg&quot; vspace=&quot;3&quot; border=&quot;0&quot; align=&quot;right&quot;/&gt;&lt;BR/&gt;&lt;B&gt;Author: &lt;/B&gt;Trotter, I. Lilias (Isabella Lilias), 1853-1928, &lt;BR/&gt;&lt;B&gt;ISBN: &lt;/B&gt;9781938068195 &lt;BR/&gt;&lt;B&gt;Location: &lt;/B&gt;Special Collections -- Rare Fragile (BGC 3rd floor)&lt;BR/&gt;&lt;B&gt;Call number: &lt;/B&gt;SC-225 704.04209 T756w</description>
      <pubDate>Wed, 30 Aug 2017 16:58:31 GMT</pubDate>
      </item>
      <item>
      <title>Parables of the cross / I. Lilias Trotter. </title>
      <link>http://vufind.carli.illinois.edu/vf-whe/Record/whe_925413</link>
      <guid>http://vufind.carli.illinois.edu/vf-whe/Record/whe_925413</guid>
      <description>&lt;img border=&quot;0&quot; src=&quot;http://images.amazon.com/images/P/9781938068072.01._PB_SCMZZZZZZZ_.jpg&quot; vspace=&quot;3&quot; border=&quot;0&quot; align=&quot;right&quot;/&gt;&lt;BR/&gt;&lt;B&gt;Author: &lt;/B&gt;Trotter, I. Lilias (Isabella Lilias), 1853-1928, &lt;BR/&gt;&lt;B&gt;Edition: &lt;/B&gt;Facsimile edition &lt;BR/&gt;&lt;B&gt;ISBN: &lt;/B&gt;9781938068072 &lt;BR/&gt;&lt;B&gt;Location: &lt;/B&gt;Special Collections -- Rare Fragile (BGC 3rd floor)&lt;BR/&gt;&lt;B&gt;Call number: &lt;/B&gt;SC-225 226.8 T756p, 2016</description>
      <pubDate>Wed, 30 Aug 2017 16:58:31 GMT</pubDate>
      </item>
      <item>
      <title>Genesis. </title>
      <link>http://vufind.carli.illinois.edu/vf-whe/Record/whe_925415</link>
      <guid>http://vufind.carli.illinois.edu/vf-whe/Record/whe_925415</guid>
      <description>&lt;BR/&gt;&lt;B&gt;Location: &lt;/B&gt;Special Collections -- Rare Fragile (BGC 3rd floor)&lt;BR/&gt;&lt;B&gt;Call number: &lt;/B&gt;SC-233 222.11052 M459p</description>
      <pubDate>Wed, 30 Aug 2017 16:58:31 GMT</pubDate>
      </item>
      <item>
      <title>God who acts : recognizing the hand of God in suffering and failure / Harry Blamires. </title>
      <link>http://vufind.carli.illinois.edu/vf-whe/Record/whe_925420</link>
      <guid>http://vufind.carli.illinois.edu/vf-whe/Record/whe_925420</guid>
      <description>&lt;img border=&quot;0&quot; src=&quot;http://images.amazon.com/images/P/0892831103.01._PB_SCMZZZZZZZ_.jpg&quot; vspace=&quot;3&quot; border=&quot;0&quot; align=&quot;right&quot;/&gt;&lt;BR/&gt;&lt;B&gt;Author: &lt;/B&gt;Blamires, Harry. &lt;BR/&gt;&lt;B&gt;ISBN: &lt;/B&gt;0892831103 &lt;BR/&gt;&lt;B&gt;Location: &lt;/B&gt;Wade Center -- Stacks (See Desk Attendant)&lt;BR/&gt;&lt;B&gt;Call number: &lt;/B&gt;Kilby Lib. BT135 .B53 1981</description>
      <pubDate>Wed, 30 Aug 2017 16:58:31 GMT</pubDate>
      </item>
      <item>
      <title>Old Leigh / by H.N. Bride. </title>
      <link>http://vufind.carli.illinois.edu/vf-whe/Record/whe_925425</link>
      <guid>http://vufind.carli.illinois.edu/vf-whe/Record/whe_925425</guid>
      <description>&lt;BR/&gt;&lt;B&gt;Author: &lt;/B&gt;Bride, H. N. (Henry Newman) &lt;BR/&gt;&lt;B&gt;Location: &lt;/B&gt;Wade Center -- Stacks (See Desk Attendant)&lt;BR/&gt;&lt;B&gt;Call number: &lt;/B&gt;Kilby Library DA690.L52 B75 1967</description>
      <pubDate>Wed, 30 Aug 2017 16:58:31 GMT</pubDate>
      </item>
      <item>
      <title>Secret garden / by Frances Hodgson Burnett. </title>
      <link>http://vufind.carli.illinois.edu/vf-whe/Record/whe_925439</link>
      <guid>http://vufind.carli.illinois.edu/vf-whe/Record/whe_925439</guid>
      <description>&lt;BR/&gt;&lt;B&gt;Author: &lt;/B&gt;Burnett, Frances Hodgson, 1849-1924, &lt;BR/&gt;&lt;B&gt;Edition: &lt;/B&gt;Second printing. &lt;BR/&gt;&lt;B&gt;Location: &lt;/B&gt;Wade Center -- Stacks (See Desk Attendant)&lt;BR/&gt;&lt;B&gt;Call number: &lt;/B&gt;Kilby Lib. PS1214 .S42 1911</description>
      <pubDate>Wed, 30 Aug 2017 16:58:31 GMT</pubDate>
      </item>
      <item>
      <title>Memoir of Mary M. Ellis, wife of the Rev. William Ellis, missionary to the South Seas, and foreign secretary of the London Missionary Society including notices of heathen society, of the details of missionary life, and the remarkable manifestations of div</title>
      <link>http://vufind.carli.illinois.edu/vf-whe/Record/whe_925444</link>
      <guid>http://vufind.carli.illinois.edu/vf-whe/Record/whe_925444</guid>
      <description>&lt;BR/&gt;&lt;B&gt;Author: &lt;/B&gt;Ellis, William, 1794-1872. &lt;BR/&gt;&lt;B&gt;Location: &lt;/B&gt;Special Collections -- Rare Fragile (BGC 3rd floor)&lt;BR/&gt;&lt;B&gt;Call number: &lt;/B&gt;SC-236 266.0092 EL595e</description>
      <pubDate>Wed, 30 Aug 2017 16:58:31 GMT</pubDate>
      </item>
      <item>
      <title>First American itinerant of Methodism, William Watters. By Rev. D.A. Watters ... Introduction by Bishop Charles C. McCabe ... </title>
      <link>http://vufind.carli.illinois.edu/vf-whe/Record/whe_925446</link>
      <guid>http://vufind.carli.illinois.edu/vf-whe/Record/whe_925446</guid>
      <description>&lt;BR/&gt;&lt;B&gt;Author: &lt;/B&gt;Watters, Dennis Alonzo, 1849-1926. &lt;BR/&gt;&lt;B&gt;Location: &lt;/B&gt;Special Collections -- Rare Fragile (BGC 3rd floor)&lt;BR/&gt;&lt;B&gt;Call number: &lt;/B&gt;SC-236 287.092 W344w</description>
      <pubDate>Wed, 30 Aug 2017 16:58:31 GMT</pubDate>
      </item>
      <item>
      <title>Sermon preached before the incorporated Society for the Propagation of the Gospel in Foreign Parts at their anniversary meeting in the parish church of St. Mary-le-Bow on Friday, February 18, 1825 / by Christopher, Lord Bishop of Gloucester. Together with</title>
      <link>http://vufind.carli.illinois.edu/vf-whe/Record/whe_925448</link>
      <guid>http://vufind.carli.illinois.edu/vf-whe/Record/whe_925448</guid>
      <description>&lt;BR/&gt;&lt;B&gt;Author: &lt;/B&gt;Bethell, Christopher, Bishop of Bangor. &lt;BR/&gt;&lt;B&gt;Location: &lt;/B&gt;Special Collections -- Rare Fragile (BGC 3rd floor)&lt;BR/&gt;&lt;B&gt;Call number: &lt;/B&gt;SC-236 266.3747 B465s</description>
      <pubDate>Wed, 30 Aug 2017 16:58:31 GMT</pubDate>
      </item>
      <item>
      <title>Historical sketches of the missions of the United Brethren for propagating the Gospel among the heathen, from their commencement to the present time. By John Holmes. </title>
      <link>http://vufind.carli.illinois.edu/vf-whe/Record/whe_925456</link>
      <guid>http://vufind.carli.illinois.edu/vf-whe/Record/whe_925456</guid>
      <description>&lt;BR/&gt;&lt;B&gt;Author: &lt;/B&gt;Holmes, John Beck, bp., 1767-1843. &lt;BR/&gt;&lt;B&gt;Location: &lt;/B&gt;Special Collections -- Rare Fragile (BGC 3rd floor)&lt;BR/&gt;&lt;B&gt;Call number: &lt;/B&gt;SC-236 266.46 H736h</description>
      <pubDate>Wed, 30 Aug 2017 16:58:31 GMT</pubDate>
      </item>
      <item>
      <title>Exposition, or, true state, of the matters objected in England to the people known by the name of Unitas Fratrum; in which, facts are related as they are, the true readings and sense of books, daid to be his, (which have been laid to his charge sometimes </title>
      <link>http://vufind.carli.illinois.edu/vf-whe/Record/whe_925480</link>
      <guid>http://vufind.carli.illinois.edu/vf-whe/Record/whe_925480</guid>
      <description>&lt;BR/&gt;&lt;B&gt;Author: &lt;/B&gt;Zinzendorf, Nicolaus Ludwig, Graf von, 1700-1760. &lt;BR/&gt;&lt;B&gt;Location: &lt;/B&gt;Special Collections -- Rare Fragile (BGC 3rd floor)&lt;BR/&gt;&lt;B&gt;Call number: &lt;/B&gt;SC-236 284.642 Z67e</description>
      <pubDate>Wed, 30 Aug 2017 16:58:31 GMT</pubDate>
      </item>
      <item>
      <title>History and origin of the missionary societies : containing faithful accounts of the voyages, travels, labours, and successes of the various missionaries who have been sent out, for the purpose of evangelizing the heathen, and other unenlightened nations,</title>
      <link>http://vufind.carli.illinois.edu/vf-whe/Record/whe_925484</link>
      <guid>http://vufind.carli.illinois.edu/vf-whe/Record/whe_925484</guid>
      <description>&lt;BR/&gt;&lt;B&gt;Author: &lt;/B&gt;Smith, Thomas, 1775 or 1776-1830. &lt;BR/&gt;&lt;B&gt;Location: &lt;/B&gt;Special Collections -- Rare Fragile (BGC 3rd floor)&lt;BR/&gt;&lt;B&gt;Call number: &lt;/B&gt;SC-236 266.009 Sm673h</description>
      <pubDate>Wed, 30 Aug 2017 16:58:31 GMT</pubDate>
      </item>
      <item>
      <title>Questions on the collects, for heads of families, Sunday schools, &amp;c. </title>
      <link>http://vufind.carli.illinois.edu/vf-whe/Record/whe_925492</link>
      <guid>http://vufind.carli.illinois.edu/vf-whe/Record/whe_925492</guid>
      <description>&lt;BR/&gt;&lt;B&gt;Author: &lt;/B&gt;Cobbold, Robert Henry. &lt;BR/&gt;&lt;B&gt;Location: &lt;/B&gt;Special Collections -- Rare Fragile (BGC 3rd floor)&lt;BR/&gt;&lt;B&gt;Call number: &lt;/B&gt;SC-236 264.036 C637q</description>
      <pubDate>Wed, 30 Aug 2017 16:58:31 GMT</pubDate>
      </item>
      <item>
      <title>ABCs of the Christian life : the ultimate anthology of the Prince of Paradox / G. K. Chesterton ; foreword by Peter Kreeft. </title>
      <link>http://vufind.carli.illinois.edu/vf-whe/Record/whe_925495</link>
      <guid>http://vufind.carli.illinois.edu/vf-whe/Record/whe_925495</guid>
      <description>&lt;img border=&quot;0&quot; src=&quot;http://images.amazon.com/images/P/9780870613104.01._PB_SCMZZZZZZZ_.jpg&quot; vspace=&quot;3&quot; border=&quot;0&quot; align=&quot;right&quot;/&gt;&lt;BR/&gt;&lt;B&gt;Author: &lt;/B&gt;Chesterton, G. K. (Gilbert Keith), 1874-1936. &lt;BR/&gt;&lt;B&gt;ISBN: &lt;/B&gt;9780870613104 &lt;BR/&gt;&lt;B&gt;Location: &lt;/B&gt;Wade Center -- Reading Room&lt;BR/&gt;&lt;B&gt;Call number: &lt;/B&gt;PR4453.C4 A6 A23 2017</description>
      <pubDate>Wed, 30 Aug 2017 16:58:31 GMT</pubDate>
      </item>
      <item>
      <title>ABCs of the Christian life : the ultimate anthology of the Prince of Paradox / G. K. Chesterton ; foreword by Peter Kreeft. </title>
      <link>http://vufind.carli.illinois.edu/vf-whe/Record/whe_925495</link>
      <guid>http://vufind.carli.illinois.edu/vf-whe/Record/whe_925495</guid>
      <description>&lt;img border=&quot;0&quot; src=&quot;http://images.amazon.com/images/P/9780870613104.01._PB_SCMZZZZZZZ_.jpg&quot; vspace=&quot;3&quot; border=&quot;0&quot; align=&quot;right&quot;/&gt;&lt;BR/&gt;&lt;B&gt;Author: &lt;/B&gt;Chesterton, G. K. (Gilbert Keith), 1874-1936. &lt;BR/&gt;&lt;B&gt;ISBN: &lt;/B&gt;9780870613104 &lt;BR/&gt;&lt;B&gt;Location: &lt;/B&gt;Wade Center -- Stacks (See Desk Attendant)&lt;BR/&gt;&lt;B&gt;Call number: &lt;/B&gt;PR4453.C4 A6 A23 2017</description>
      <pubDate>Wed, 30 Aug 2017 16:58:31 GMT</pubDate>
      </item>
      <item>
      <title>Parishudda granthamu = The Bible (Telugu). </title>
      <link>http://vufind.carli.illinois.edu/vf-whe/Record/whe_925496</link>
      <guid>http://vufind.carli.illinois.edu/vf-whe/Record/whe_925496</guid>
      <description>&lt;BR/&gt;&lt;B&gt;Location: &lt;/B&gt;Special Collections -- Rare Fragile (BGC 3rd floor)&lt;BR/&gt;&lt;B&gt;Call number: &lt;/B&gt;SC-236 220.59482 P219b</description>
      <pubDate>Wed, 30 Aug 2017 16:58:31 GMT</pubDate>
      </item>
      <item>
      <title>Force of truth : an authentic narrative of the religious experience and wonderful conversion of the late Rev. Thomas Scott. </title>
      <link>http://vufind.carli.illinois.edu/vf-whe/Record/whe_925498</link>
      <guid>http://vufind.carli.illinois.edu/vf-whe/Record/whe_925498</guid>
      <description>&lt;BR/&gt;&lt;B&gt;Author: &lt;/B&gt;Scott, Thomas, 1747-1821. &lt;BR/&gt;&lt;B&gt;Location: &lt;/B&gt;Special Collections -- Rare Fragile (BGC 3rd floor)&lt;BR/&gt;&lt;B&gt;Call number: &lt;/B&gt;SC-236 234 Sco859f</description>
      <pubDate>Wed, 30 Aug 2017 16:58:31 GMT</pubDate>
      </item>
      <item>
      <title>Proceedings of the Sabbath Convention, held at the city of Rochester, July 20th and 21st, 1842 ... </title>
      <link>http://vufind.carli.illinois.edu/vf-whe/Record/whe_925499</link>
      <guid>http://vufind.carli.illinois.edu/vf-whe/Record/whe_925499</guid>
      <description>&lt;BR/&gt;&lt;B&gt;Author: &lt;/B&gt;Sabbath Convention (1842 : Rochester, N.Y.) &lt;BR/&gt;&lt;B&gt;Location: &lt;/B&gt;Special Collections -- Rare Fragile (BGC 3rd floor)&lt;BR/&gt;&lt;B&gt;Call number: &lt;/B&gt;SC-236 263.3 P941s</description>
      <pubDate>Wed, 30 Aug 2017 16:58:31 GMT</pubDate>
      </item>
      <item>
      <title>Public opinion and the last peace, by R.B. McCallum. </title>
      <link>http://vufind.carli.illinois.edu/vf-whe/Record/whe_925500</link>
      <guid>http://vufind.carli.illinois.edu/vf-whe/Record/whe_925500</guid>
      <description>&lt;BR/&gt;&lt;B&gt;Author: &lt;/B&gt;McCallum, R. B. (Ronald B.), 1898- &lt;BR/&gt;&lt;B&gt;Location: &lt;/B&gt;Wade Center -- Stacks (See Desk Attendant)&lt;BR/&gt;&lt;B&gt;Call number: &lt;/B&gt;D643.A7 M2 1944</description>
      <pubDate>Wed, 30 Aug 2017 16:58:31 GMT</pubDate>
      </item>
      <item>
      <title>Conversion of the soul : or, a discourse explaining the nature of that conversion which is sincere ; and directing and perswading [sic] all to cease their loving sin and death, and to turn to God and live / by Nathanael Vincent, M.A. minister of the gospe</title>
      <link>http://vufind.carli.illinois.edu/vf-whe/Record/whe_925501</link>
      <guid>http://vufind.carli.illinois.edu/vf-whe/Record/whe_925501</guid>
      <description>&lt;BR/&gt;&lt;B&gt;Author: &lt;/B&gt;Vincent, Nathanael, 1639?-1697. &lt;BR/&gt;&lt;B&gt;Location: &lt;/B&gt;Special Collections -- Rare Fragile (BGC 3rd floor)&lt;BR/&gt;&lt;B&gt;Call number: &lt;/B&gt;SC-236 248.246 V743c</description>
      <pubDate>Wed, 30 Aug 2017 16:58:31 GMT</pubDate>
      </item>
      <item>
      <title>Blue flower : best stories of the Romanticists / edited by Hermann Kesten ; illustrated by Z. Czermanski. </title>
      <link>http://vufind.carli.illinois.edu/vf-whe/Record/whe_925502</link>
      <guid>http://vufind.carli.illinois.edu/vf-whe/Record/whe_925502</guid>
      <description>&lt;BR/&gt;&lt;B&gt;Location: &lt;/B&gt;Wade Center -- Stacks (See Desk Attendant)&lt;BR/&gt;&lt;B&gt;Call number: &lt;/B&gt;PN6014 .K4 1946</description>
      <pubDate>Wed, 30 Aug 2017 16:58:31 GMT</pubDate>
      </item>
      <item>
      <title>Power of Christian gratitude : a sermon, preached at Utica, New York, September 11, 1855, before the American Board of Commissioners for Foreign Missions, at their forty-sixth annual meeting / by Nehemiah Adams. </title>
      <link>http://vufind.carli.illinois.edu/vf-whe/Record/whe_925505</link>
      <guid>http://vufind.carli.illinois.edu/vf-whe/Record/whe_925505</guid>
      <description>&lt;BR/&gt;&lt;B&gt;Author: &lt;/B&gt;Adams, Nehemiah, 1806-1878. &lt;BR/&gt;&lt;B&gt;Location: &lt;/B&gt;Special Collections -- Rare Fragile (BGC 3rd floor)&lt;BR/&gt;&lt;B&gt;Call number: &lt;/B&gt;SC-236 248.4 Ad192p</description>
      <pubDate>Wed, 30 Aug 2017 16:58:31 GMT</pubDate>
      </item>
      <item>
      <title>Nineteenth-century fiction : a bibliographical catalogue based on the collection formed by Robert Lee Wolff / compiled by Robert Lee Wolff. </title>
      <link>http://vufind.carli.illinois.edu/vf-whe/Record/whe_925506</link>
      <guid>http://vufind.carli.illinois.edu/vf-whe/Record/whe_925506</guid>
      <description>&lt;img border=&quot;0&quot; src=&quot;http://images.amazon.com/images/P/0824094743.01._PB_SCMZZZZZZZ_.jpg&quot; vspace=&quot;3&quot; border=&quot;0&quot; align=&quot;right&quot;/&gt;&lt;BR/&gt;&lt;B&gt;Author: &lt;/B&gt;Wolff, Robert Lee. &lt;BR/&gt;&lt;B&gt;ISBN: &lt;/B&gt;0824094743 &lt;BR/&gt;&lt;B&gt;Location: &lt;/B&gt;Wade Center -- Reading Room&lt;BR/&gt;&lt;B&gt;Call number: &lt;/B&gt;PR861 .W654 1990z</description>
      <pubDate>Wed, 30 Aug 2017 16:58:31 GMT</pubDate>
      </item>
      <item>
      <title>Sermon, delivered at North Bridgewater, Oct. 31, 1821, at the ordination of the Rev. Daniel Temple, and Rev. Isaac Bird, as evangelists and missionaries to the heathens. / By the Rev. Richard S. Storrs, Pastor of the church in Braintree. </title>
      <link>http://vufind.carli.illinois.edu/vf-whe/Record/whe_925507</link>
      <guid>http://vufind.carli.illinois.edu/vf-whe/Record/whe_925507</guid>
      <description>&lt;BR/&gt;&lt;B&gt;Author: &lt;/B&gt;Storrs, Richard S. (Richard Salter), 1787-1873. &lt;BR/&gt;&lt;B&gt;Location: &lt;/B&gt;Special Collections -- Rare Fragile (BGC 3rd floor)&lt;BR/&gt;&lt;B&gt;Call number: &lt;/B&gt;SC-236 252.6 St75s</description>
      <pubDate>Wed, 30 Aug 2017 16:58:31 GMT</pubDate>
      </item>
      <item>
      <title>Prayer of Christ that his people might be one : a sermon delivered at Calais, June 25th, 1856, before the Maine Missionary Society, at its forty-ninth anniversary / by Daniel Talcott Smith. </title>
      <link>http://vufind.carli.illinois.edu/vf-whe/Record/whe_925513</link>
      <guid>http://vufind.carli.illinois.edu/vf-whe/Record/whe_925513</guid>
      <description>&lt;BR/&gt;&lt;B&gt;Author: &lt;/B&gt;Smith, Daniel Talcott. &lt;BR/&gt;&lt;B&gt;Location: &lt;/B&gt;Special Collections -- Rare Fragile (BGC 3rd floor)&lt;BR/&gt;&lt;B&gt;Call number: &lt;/B&gt;SC-236 252.6 Sm542p</description>
      <pubDate>Wed, 30 Aug 2017 16:58:31 GMT</pubDate>
      </item>
      <item>
      <title>Sermon delivered at the ordination of the Rev. William Parsons Lunt, as Pastor of the Second Congregational Unitarian Society in the City of New York, June 19, 1828. / by F.W.P. Greenwood, junior Minister of King's Chapel, Boston. </title>
      <link>http://vufind.carli.illinois.edu/vf-whe/Record/whe_925514</link>
      <guid>http://vufind.carli.illinois.edu/vf-whe/Record/whe_925514</guid>
      <description>&lt;BR/&gt;&lt;B&gt;Author: &lt;/B&gt;Greenwood, F. W. P. (Francis William Pitt), 1797-1843. &lt;BR/&gt;&lt;B&gt;Location: &lt;/B&gt;Special Collections -- Rare Fragile (BGC 3rd floor)&lt;BR/&gt;&lt;B&gt;Call number: &lt;/B&gt;SC-236 252.6 G857s</description>
      <pubDate>Wed, 30 Aug 2017 16:58:31 GMT</pubDate>
      </item>
      <item>
      <title>Divine influence : the true spring of the extraordinary work at Cambuslang and other places in the west of Scotland / illustrated in a letter from Mr. Alexander Webster to a gentleman in the country. </title>
      <link>http://vufind.carli.illinois.edu/vf-whe/Record/whe_925515</link>
      <guid>http://vufind.carli.illinois.edu/vf-whe/Record/whe_925515</guid>
      <description>&lt;BR/&gt;&lt;B&gt;Author: &lt;/B&gt;Webster, Alexander, 1707-1784. &lt;BR/&gt;&lt;B&gt;Edition: &lt;/B&gt;2nd ed. / with a preface and several additions, in answer to the Reverend Mr. Fisher's Review, &amp;c. &lt;BR/&gt;&lt;B&gt;Location: &lt;/B&gt;Special Collections -- Rare Fragile (BGC 3rd floor)&lt;BR/&gt;&lt;B&gt;Call number: &lt;/B&gt;SC-236 269.24094 W391d</description>
      <pubDate>Wed, 30 Aug 2017 16:58:31 GMT</pubDate>
      </item>
      <item>
      <title>Great revival : the story of dr. R.A. Torrey and Chas. Alexander / ed. by David Williamson. </title>
      <link>http://vufind.carli.illinois.edu/vf-whe/Record/whe_925516</link>
      <guid>http://vufind.carli.illinois.edu/vf-whe/Record/whe_925516</guid>
      <description>&lt;BR/&gt;&lt;B&gt;Location: &lt;/B&gt;Special Collections -- Rare Fragile (BGC 3rd floor)&lt;BR/&gt;&lt;B&gt;Call number: &lt;/B&gt;SC-236 269.2092 G798w</description>
      <pubDate>Wed, 30 Aug 2017 16:58:31 GMT</pubDate>
      </item>
      <item>
      <title>Memoirs of the life and writings of the Rev. Claudius Buchanan, D.D., late Vice-provost of the College of Fort William in Bengal / by Hugh Pearson ... </title>
      <link>http://vufind.carli.illinois.edu/vf-whe/Record/whe_925517</link>
      <guid>http://vufind.carli.illinois.edu/vf-whe/Record/whe_925517</guid>
      <description>&lt;BR/&gt;&lt;B&gt;Author: &lt;/B&gt;Pearson, Hugh, 1777-1856. &lt;BR/&gt;&lt;B&gt;Edition: &lt;/B&gt;3d ed. &lt;BR/&gt;&lt;B&gt;Location: &lt;/B&gt;Special Collections -- Rare Fragile (BGC 3rd floor)&lt;BR/&gt;&lt;B&gt;Call number: &lt;/B&gt;SC-236 266.3 B851m</description>
      <pubDate>Wed, 30 Aug 2017 16:58:31 GMT</pubDate>
      </item>
      <item>
      <title>Journal of the Rev. Joseph Wolff ... in a series of letters to Sir Thomas Baring, Bart. : Containing an account of his missionary labours from the years 1827 to 1831 ; and from the years 1835 to 1838. </title>
      <link>http://vufind.carli.illinois.edu/vf-whe/Record/whe_925518</link>
      <guid>http://vufind.carli.illinois.edu/vf-whe/Record/whe_925518</guid>
      <description>&lt;BR/&gt;&lt;B&gt;Author: &lt;/B&gt;Wolff, Joseph, 1795-1862. &lt;BR/&gt;&lt;B&gt;Location: &lt;/B&gt;Special Collections -- Rare Fragile (BGC 3rd floor)&lt;BR/&gt;&lt;B&gt;Call number: &lt;/B&gt;SC-236 266.0092 W832j</description>
      <pubDate>Wed, 30 Aug 2017 16:58:31 GMT</pubDate>
      </item>
      <item>
      <title>Golden Key / by George MacDonald ; introduction by Jerry Root. </title>
      <link>http://vufind.carli.illinois.edu/vf-whe/Record/whe_925519</link>
      <guid>http://vufind.carli.illinois.edu/vf-whe/Record/whe_925519</guid>
      <description>&lt;BR/&gt;&lt;B&gt;Author: &lt;/B&gt;MacDonald, George, 1824-1905, &lt;BR/&gt;&lt;B&gt;Location: &lt;/B&gt;Wade Center -- Reading Room&lt;BR/&gt;&lt;B&gt;Call number: &lt;/B&gt;PR4967 .G65 2015</description>
      <pubDate>Wed, 30 Aug 2017 16:58:31 GMT</pubDate>
      </item>
      <item>
      <title>Christian researches in Asia : with notices of the translation of the scriptures into the Oriental languages / by Claudius Buchanan. </title>
      <link>http://vufind.carli.illinois.edu/vf-whe/Record/whe_925520</link>
      <guid>http://vufind.carli.illinois.edu/vf-whe/Record/whe_925520</guid>
      <description>&lt;BR/&gt;&lt;B&gt;Author: &lt;/B&gt;Buchanan, Claudius, 1766-1815. &lt;BR/&gt;&lt;B&gt;Edition: &lt;/B&gt;10th ed. &lt;BR/&gt;&lt;B&gt;Location: &lt;/B&gt;Special Collections -- Rare Fragile (BGC 3rd floor)&lt;BR/&gt;&lt;B&gt;Call number: &lt;/B&gt;SC-236 266.0095 B851c</description>
      <pubDate>Wed, 30 Aug 2017 16:58:31 GMT</pubDate>
      </item>
      <item>
      <title>Two charges delivered to the clergy in the diocese of Calcutta, the former at Calcutta August 13, at Colombo November 13, and at Madras December 23, 1834, and the latter to the reverend missionaries at Tanjore February 2, and at Vepery February 21, 1835, </title>
      <link>http://vufind.carli.illinois.edu/vf-whe/Record/whe_925521</link>
      <guid>http://vufind.carli.illinois.edu/vf-whe/Record/whe_925521</guid>
      <description>&lt;BR/&gt;&lt;B&gt;Author: &lt;/B&gt;Wilson, Daniel, 1778-1858. &lt;BR/&gt;&lt;B&gt;Location: &lt;/B&gt;Special Collections -- Rare Fragile (BGC 3rd floor)&lt;BR/&gt;&lt;B&gt;Call number: &lt;/B&gt;SC-236 266.3 W692t</description>
      <pubDate>Wed, 30 Aug 2017 16:58:31 GMT</pubDate>
      </item>
      <item>
      <title>Belfast shipbuilders. </title>
      <link>http://vufind.carli.illinois.edu/vf-whe/Record/whe_925522</link>
      <guid>http://vufind.carli.illinois.edu/vf-whe/Record/whe_925522</guid>
      <description>&lt;BR/&gt;&lt;B&gt;Location: &lt;/B&gt;Wade Center -- Stacks (See Desk Attendant)&lt;BR/&gt;&lt;B&gt;Call number: &lt;/B&gt;VM299.7.I7 B45 2000z</description>
      <pubDate>Wed, 30 Aug 2017 16:58:31 GMT</pubDate>
      </item>
      <item>
      <title>Londonderry 400 : plantation of Walled City. </title>
      <link>http://vufind.carli.illinois.edu/vf-whe/Record/whe_925526</link>
      <guid>http://vufind.carli.illinois.edu/vf-whe/Record/whe_925526</guid>
      <description>&lt;BR/&gt;&lt;B&gt;Location: &lt;/B&gt;Wade Center -- Stacks (See Desk Attendant)&lt;BR/&gt;&lt;B&gt;Call number: &lt;/B&gt;DA990.U46 L66 2013</description>
      <pubDate>Wed, 30 Aug 2017 16:58:31 GMT</pubDate>
      </item>
      <item>
      <title>Oriental customs; or an illustration of the Sacred Scriptures, by an explanatory application of the customs and manners of the eastern nations and especially the Jews therein alluded to, collected from the most celebrated travellers, and the most eminent </title>
      <link>http://vufind.carli.illinois.edu/vf-whe/Record/whe_925547</link>
      <guid>http://vufind.carli.illinois.edu/vf-whe/Record/whe_925547</guid>
      <description>&lt;BR/&gt;&lt;B&gt;Author: &lt;/B&gt;Burder, Samuel, 1773-1837. &lt;BR/&gt;&lt;B&gt;Edition: &lt;/B&gt;A new ed., greatly improved. &lt;BR/&gt;&lt;B&gt;Location: &lt;/B&gt;Special Collections -- Rare Fragile (BGC 3rd floor)&lt;BR/&gt;&lt;B&gt;Call number: &lt;/B&gt;SC-236 220.93 B896o</description>
      <pubDate>Wed, 30 Aug 2017 16:58:31 GMT</pubDate>
      </item>
      <item>
      <title>Ulster-Scots New England : Scotch-Irish foundations in the New World / Alister McReynolds. </title>
      <link>http://vufind.carli.illinois.edu/vf-whe/Record/whe_925548</link>
      <guid>http://vufind.carli.illinois.edu/vf-whe/Record/whe_925548</guid>
      <description>&lt;BR/&gt;&lt;B&gt;Author: &lt;/B&gt;McReynolds, Alister, &lt;BR/&gt;&lt;B&gt;Location: &lt;/B&gt;Wade Center -- Stacks (See Desk Attendant)&lt;BR/&gt;&lt;B&gt;Call number: &lt;/B&gt;F7 .M33 2010</description>
      <pubDate>Wed, 30 Aug 2017 16:58:31 GMT</pubDate>
      </item>
      <item>
      <title>Japanese traditions of Christianity, being some old translations from the Japanese, with British consular reports of the persecutions of 1868-1872, edited by M. Paske-Smith, with Japanese notes by Shuten Inouye. </title>
      <link>http://vufind.carli.illinois.edu/vf-whe/Record/whe_925549</link>
      <guid>http://vufind.carli.illinois.edu/vf-whe/Record/whe_925549</guid>
      <description>&lt;BR/&gt;&lt;B&gt;Author: &lt;/B&gt;Paske-Smith, M. (Montague), 1886-1946, &lt;BR/&gt;&lt;B&gt;Location: &lt;/B&gt;Special Collections -- Rare Fragile (BGC 3rd floor)&lt;BR/&gt;&lt;B&gt;Call number: &lt;/B&gt;SC-236 275.2 P264j</description>
      <pubDate>Wed, 30 Aug 2017 16:58:31 GMT</pubDate>
      </item>
      <item>
      <title>When Ulster sailed west : the Ulster-Scots contribution to the making of the United States. </title>
      <link>http://vufind.carli.illinois.edu/vf-whe/Record/whe_925551</link>
      <guid>http://vufind.carli.illinois.edu/vf-whe/Record/whe_925551</guid>
      <description>&lt;BR/&gt;&lt;B&gt;Location: &lt;/B&gt;Wade Center -- Stacks (See Desk Attendant)&lt;BR/&gt;&lt;B&gt;Call number: &lt;/B&gt;E183.8.G7 W44 2010</description>
      <pubDate>Wed, 30 Aug 2017 16:58:31 GMT</pubDate>
      </item>
      <item>
      <title>View of the government and publick worship of God in the Reformed Churches beyond the seas : Wherein is shewed their conformity and agreement with the Church of England, as it is established by the Act of conformity / by John Durel ... </title>
      <link>http://vufind.carli.illinois.edu/vf-whe/Record/whe_925558</link>
      <guid>http://vufind.carli.illinois.edu/vf-whe/Record/whe_925558</guid>
      <description>&lt;BR/&gt;&lt;B&gt;Author: &lt;/B&gt;Durel, John, 1625-1683. &lt;BR/&gt;&lt;B&gt;Location: &lt;/B&gt;Special Collections -- Rare Fragile (BGC 3rd floor)&lt;BR/&gt;&lt;B&gt;Call number: &lt;/B&gt;SC-236 283.42 D933v</description>
      <pubDate>Wed, 30 Aug 2017 16:58:31 GMT</pubDate>
      </item>
      <item>
      <title>Complete duty of man, or, A system of doctrinal and practical Christianity : to which are added, forms of prayer and offices of devotion for the various circumstances of life, designed for the use of families / by H. Venn. </title>
      <link>http://vufind.carli.illinois.edu/vf-whe/Record/whe_925562</link>
      <guid>http://vufind.carli.illinois.edu/vf-whe/Record/whe_925562</guid>
      <description>&lt;BR/&gt;&lt;B&gt;Author: &lt;/B&gt;Venn, H. (Henry), 1725-1797, &lt;BR/&gt;&lt;B&gt;Edition: &lt;/B&gt;1st American ed. &lt;BR/&gt;&lt;B&gt;Location: &lt;/B&gt;Special Collections -- Rare Fragile (BGC 3rd floor)&lt;BR/&gt;&lt;B&gt;Call number: &lt;/B&gt;SC-236 248.4 V561c</description>
      <pubDate>Wed, 30 Aug 2017 16:58:31 GMT</pubDate>
      </item>
      <item>
      <title>Teachings of Zoroaster and the philosophy of the Parsi religion / by S.A. Kapadia. </title>
      <link>http://vufind.carli.illinois.edu/vf-whe/Record/whe_925566</link>
      <guid>http://vufind.carli.illinois.edu/vf-whe/Record/whe_925566</guid>
      <description>&lt;BR/&gt;&lt;B&gt;Author: &lt;/B&gt;Zoroaster. &lt;BR/&gt;&lt;B&gt;Location: &lt;/B&gt;Special Collections -- Rare Fragile (BGC 3rd floor)&lt;BR/&gt;&lt;B&gt;Call number: &lt;/B&gt;SC-236 295 K140t</description>
      <pubDate>Wed, 30 Aug 2017 16:58:31 GMT</pubDate>
      </item>
      <item>
      <title>Canadian journal of philosophy [electronic resource]. </title>
      <link>http://vufind.carli.illinois.edu/vf-whe/Record/whe_584337</link>
      <guid>http://vufind.carli.illinois.edu/vf-whe/Record/whe_584337</guid>
      <description>&lt;BR/&gt;&lt;B&gt;Location: &lt;/B&gt;E-Journals&lt;BR/&gt;&lt;B&gt;Call number: &lt;/B&gt;INTERNET&lt;BR/&gt;&lt;B&gt;Web link: &lt;/B&gt;&lt;a href=&quot;http://sfx.carli.illinois.edu/sfxwhe/sfx_local?genre=journal&amp;sid=Voyager:WHE&amp;sfx.ignore_date_threshold=1&amp;svc.fulltext=yes&amp;issn=1911-0820&amp;rft.object_portfolio_id=2560000001588838&quot;&gt;Taylor &amp; Francis Available to Wheaton College users only&lt;/a&gt;</description>
      <pubDate>Wed, 30 Aug 2017 16:58:31 GMT</pubDate>
      </item>
      <item>
      <title>College composition and communication. </title>
      <link>http://vufind.carli.illinois.edu/vf-whe/Record/whe_917054</link>
      <guid>http://vufind.carli.illinois.edu/vf-whe/Record/whe_917054</guid>
      <description>&lt;BR/&gt;&lt;B&gt;Location: &lt;/B&gt;E-Journals&lt;BR/&gt;&lt;B&gt;Call number: &lt;/B&gt;INTERNET&lt;BR/&gt;&lt;B&gt;Web links: &lt;/B&gt;&lt;a href=&quot;http://sfx.carli.illinois.edu/sfxwhe/sfx_local?genre=journal&amp;sid=Voyager:WHE&amp;sfx.ignore_date_threshold=1&amp;svc.fulltext=yes&amp;rft.issn=1939-9006&amp;rft.object_portfolio_id=111064877573003&quot;&gt;JSTOR Available to Wheaton College users only&lt;/a&gt;&lt;BR/&gt;&lt;a href=&quot;http://sfx.carli.illinois.edu/sfxwhe/sfx_local?genre=journal&amp;sid=Voyager:WHE&amp;sfx.ignore_date_threshold=1&amp;svc.fulltext=yes&amp;rft.issn=1939-9006&amp;rft.object_portfolio_id=111087332083001&quot;&gt;National Council of Teachers of English Available to Wheaton College users only&lt;/a&gt;</description>
      <pubDate>Wed, 30 Aug 2017 16:58:31 GMT</pubDate>
      </item>
      <item>
      <title>American political party system : a reference handbook / Michael C. LeMay. </title>
      <link>http://vufind.carli.illinois.edu/vf-whe/Record/whe_925201</link>
      <guid>http://vufind.carli.illinois.edu/vf-whe/Record/whe_925201</guid>
      <description>&lt;img border=&quot;0&quot; src=&quot;http://images.amazon.com/images/P/9781440854125.01._PB_SCMZZZZZZZ_.jpg&quot; vspace=&quot;3&quot; border=&quot;0&quot; align=&quot;right&quot;/&gt;&lt;BR/&gt;&lt;B&gt;Author: &lt;/B&gt;LeMay, Michael C., 1941- &lt;BR/&gt;&lt;B&gt;ISBN: &lt;/B&gt;9781440854125 (ebook) &lt;BR/&gt;&lt;B&gt;Location: &lt;/B&gt;E-Books&lt;BR/&gt;&lt;B&gt;Call number: &lt;/B&gt;INTERNET&lt;BR/&gt;&lt;B&gt;Web link: &lt;/B&gt;&lt;a href=&quot;http://sfx.carli.illinois.edu/sfxwhe/sfx_local?genre=book&amp;sid=Voyager:WHE&amp;sfx.ignore_date_threshold=1&amp;svc.fulltext=yes&amp;rft.isbn=9781440854125&amp;rft.object_portfolio_id=3710000008256675&quot;&gt;EBSCOhost Available to Wheaton College users only&lt;/a&gt;</description>
      <pubDate>Wed, 30 Aug 2017 16:58:31 GMT</pubDate>
      </item>
      <item>
      <title>Conservation for the Anthropocene ocean : interdisciplinary science in support of nature and people / editors, Phillip S. Levin, Melissa R. Poe. </title>
      <link>http://vufind.carli.illinois.edu/vf-whe/Record/whe_925203</link>
      <guid>http://vufind.carli.illinois.edu/vf-whe/Record/whe_925203</guid>
      <description>&lt;img border=&quot;0&quot; src=&quot;http://images.amazon.com/images/P/9780128092989.01._PB_SCMZZZZZZZ_.jpg&quot; vspace=&quot;3&quot; border=&quot;0&quot; align=&quot;right&quot;/&gt;&lt;BR/&gt;&lt;B&gt;ISBN: &lt;/B&gt;9780128092989 &lt;BR/&gt;&lt;B&gt;Location: &lt;/B&gt;E-Books&lt;BR/&gt;&lt;B&gt;Call number: &lt;/B&gt;INTERNET&lt;BR/&gt;&lt;B&gt;Web link: &lt;/B&gt;&lt;a href=&quot;http://sfx.carli.illinois.edu/sfxwhe/sfx_local?genre=book&amp;sid=Voyager:WHE&amp;sfx.ignore_date_threshold=1&amp;svc.fulltext=yes&amp;rft.isbn=9780128092989&amp;rft.object_portfolio_id=3710000008059541&quot;&gt;EBSCOhost Available to Wheaton College users only&lt;/a&gt;</description>
      <pubDate>Wed, 30 Aug 2017 16:58:31 GMT</pubDate>
      </item>
      <item>
      <title>Präreflexive Selbst : Subjektivität als minimales Selbstbewusstsein / Daniel Wehinger. </title>
      <link>http://vufind.carli.illinois.edu/vf-whe/Record/whe_925204</link>
      <guid>http://vufind.carli.illinois.edu/vf-whe/Record/whe_925204</guid>
      <description>&lt;img border=&quot;0&quot; src=&quot;http://images.amazon.com/images/P/3957438462.01._PB_SCMZZZZZZZ_.jpg&quot; vspace=&quot;3&quot; border=&quot;0&quot; align=&quot;right&quot;/&gt;&lt;BR/&gt;&lt;B&gt;Author: &lt;/B&gt;Wehinger, Daniel, &lt;BR/&gt;&lt;B&gt;ISBN: &lt;/B&gt;3957438462 &lt;BR/&gt;&lt;B&gt;Location: &lt;/B&gt;E-Books&lt;BR/&gt;&lt;B&gt;Call number: &lt;/B&gt;INTERNET&lt;BR/&gt;&lt;B&gt;Web link: &lt;/B&gt;&lt;a href=&quot;http://sfx.carli.illinois.edu/sfxwhe/sfx_local?genre=book&amp;sid=Voyager:WHE&amp;sfx.ignore_date_threshold=1&amp;svc.fulltext=yes&amp;rft.isbn=9783957438461&amp;rft.object_portfolio_id=3710000007318300&quot;&gt;EBSCOhost Available to Wheaton College users only&lt;/a&gt;</description>
      <pubDate>Wed, 30 Aug 2017 16:58:31 GMT</pubDate>
      </item>
      <item>
      <title>Pedagogy in ancient Judaism and early Christianity / edited by Karina Martin Hogan, Matthew Goff, and Emma Wasserman. </title>
      <link>http://vufind.carli.illinois.edu/vf-whe/Record/whe_925206</link>
      <guid>http://vufind.carli.illinois.edu/vf-whe/Record/whe_925206</guid>
      <description>&lt;img border=&quot;0&quot; src=&quot;http://images.amazon.com/images/P/9780884142072.01._PB_SCMZZZZZZZ_.jpg&quot; vspace=&quot;3&quot; border=&quot;0&quot; align=&quot;right&quot;/&gt;&lt;BR/&gt;&lt;B&gt;ISBN: &lt;/B&gt;9780884142072 &lt;BR/&gt;&lt;B&gt;Location: &lt;/B&gt;E-Books&lt;BR/&gt;&lt;B&gt;Call number: &lt;/B&gt;INTERNET&lt;BR/&gt;&lt;B&gt;Web link: &lt;/B&gt;&lt;a href=&quot;http://sfx.carli.illinois.edu/sfxwhe/sfx_local?genre=book&amp;sid=Voyager:WHE&amp;sfx.ignore_date_threshold=1&amp;svc.fulltext=yes&amp;rft.isbn=9780884142072&amp;rft.object_portfolio_id=3710000008321578&quot;&gt;EBSCOhost Available to Wheaton College users only&lt;/a&gt;</description>
      <pubDate>Wed, 30 Aug 2017 16:58:31 GMT</pubDate>
      </item>
      <item>
      <title>Simply Christian. </title>
      <link>http://vufind.carli.illinois.edu/vf-whe/Record/whe_925503</link>
      <guid>http://vufind.carli.illinois.edu/vf-whe/Record/whe_925503</guid>
      <description>&lt;img border=&quot;0&quot; src=&quot;http://images.amazon.com/images/P/9780281066247.01._PB_SCMZZZZZZZ_.jpg&quot; vspace=&quot;3&quot; border=&quot;0&quot; align=&quot;right&quot;/&gt;&lt;BR/&gt;&lt;B&gt;Author: &lt;/B&gt;Wright, N. T. (Nicholas Thomas) &lt;BR/&gt;&lt;B&gt;ISBN: &lt;/B&gt;9780281066247 &lt;BR/&gt;&lt;B&gt;Location: &lt;/B&gt;E-Books&lt;BR/&gt;&lt;B&gt;Call number: &lt;/B&gt;INTERNET&lt;BR/&gt;&lt;B&gt;Web link: &lt;/B&gt;&lt;a href=&quot;http://sfx.carli.illinois.edu/sfxwhe/sfx_local?genre=book&amp;sid=Voyager:WHE&amp;sfx.ignore_date_threshold=1&amp;svc.fulltext=yes&amp;rft.isbn=9780281066247&amp;rft.object_portfolio_id=4330000000321882&quot;&gt;Ebook Central Available to Wheaton College users only&lt;/a&gt;</description>
      <pubDate>Wed, 30 Aug 2017 16:58:31 GMT</pubDate>
      </item>
</channel>
</rss>
