<?xml version="1.0" encoding="UTF-8"?>
<rss version="2.0" xmlns:atom="http://www.w3.org/2005/Atom">
<channel>
   <title>New in the Library Catalog</title>
   <link>http://vufind.carli.illinois.edu/vf-whe</link>
   <atom:link href='http://i-share.carli.illinois.edu/newbooks/newbooks.cgi?library=WHEdb&amp;list=all&amp;day=7&amp;op=and&amp;text=&amp;lang=English&amp;submit=RSS' rel="self" type="application/rss+xml" />
   <description><![CDATA[New Books List for Wheaton College (new since: 1 week ago)]]></description>

   <language>en</language>
   <lastBuildDate>Wed, 30 Aug 2017 09:06:19 GMT</lastBuildDate>

   <image>
   <title>CARLI</title>
   <url>http://www.carli.illinois.edu/sites/all/themes/carli/images/CARLIrss-header.jpg</url>
   <link>http://www.carli.illinois.edu</link>
   </image>

      <item>
      <title>II. Kantate, für Sopran- und Bass-Solo, gemischten Chor und Orchester = for soprano solo, bass solo, mixed chorus, and orchestra, op. 31 / Anton Webern ; Worte von Hildegard Jone ; English version by Eric Smith. </title>
      <link>http://vufind.carli.illinois.edu/vf-whe/Record/whe_22002</link>
      <guid>http://vufind.carli.illinois.edu/vf-whe/Record/whe_22002</guid>
      <description>&lt;BR/&gt;&lt;B&gt;Author: &lt;/B&gt;Webern, Anton, 1883-1945, &lt;BR/&gt;&lt;B&gt;Location: &lt;/B&gt;Music Library (Buswell Lower Level)&lt;BR/&gt;&lt;B&gt;Call number: &lt;/B&gt;CURR A-V 535 M275</description>
      <pubDate>Wed, 30 Aug 2017 16:58:31 GMT</pubDate>
      </item>
      <item>
      <title>Memoir of the life of James Milnor, by the Rev. John S. Stone. Abridged by the author. </title>
      <link>http://vufind.carli.illinois.edu/vf-whe/Record/whe_32706</link>
      <guid>http://vufind.carli.illinois.edu/vf-whe/Record/whe_32706</guid>
      <description>&lt;BR/&gt;&lt;B&gt;Author: &lt;/B&gt;Stone, John S. (John Seely), 1795-1882. &lt;BR/&gt;&lt;B&gt;Location: &lt;/B&gt;Special Collections -- Rare Fragile (BGC 3rd floor)&lt;BR/&gt;&lt;B&gt;Call number: &lt;/B&gt;CURR E-SC M393 2016 Gr4-6 TE</description>
      <pubDate>Wed, 30 Aug 2017 16:58:31 GMT</pubDate>
      </item>
      <item>
      <title>Voyage of the Dawn Treader / illustrated by Pauline Baynes. </title>
      <link>http://vufind.carli.illinois.edu/vf-whe/Record/whe_47376</link>
      <guid>http://vufind.carli.illinois.edu/vf-whe/Record/whe_47376</guid>
      <description>&lt;BR/&gt;&lt;B&gt;Author: &lt;/B&gt;Lewis, C. S. (Clive Staples), 1898-1963. &lt;BR/&gt;&lt;B&gt;Edition: &lt;/B&gt;[1st American ed.] &lt;BR/&gt;&lt;B&gt;Location: &lt;/B&gt;Wade Center -- Stacks (See Desk Attendant)&lt;BR/&gt;&lt;B&gt;Call number: &lt;/B&gt;CURR S-AR L863, 1998, Gr.9-12.TE</description>
      <pubDate>Wed, 30 Aug 2017 16:58:31 GMT</pubDate>
      </item>
      <item>
      <title>Print in the western world : an introductory history / Linda C. Hults. </title>
      <link>http://vufind.carli.illinois.edu/vf-whe/Record/whe_78401</link>
      <guid>http://vufind.carli.illinois.edu/vf-whe/Record/whe_78401</guid>
      <description>&lt;img border=&quot;0&quot; src=&quot;http://images.amazon.com/images/P/0299137007.01._PB_SCMZZZZZZZ_.jpg&quot; vspace=&quot;3&quot; border=&quot;0&quot; align=&quot;right&quot;/&gt;&lt;BR/&gt;&lt;B&gt;Author: &lt;/B&gt;Hults, Linda C. &lt;BR/&gt;&lt;B&gt;ISBN: &lt;/B&gt;0299137007 &lt;BR/&gt;&lt;B&gt;Location: &lt;/B&gt;Special Collections -- Reference Books (BGC 3rd floor)&lt;BR/&gt;&lt;B&gt;Call number: &lt;/B&gt;SC-RR 769.9 H879p</description>
      <pubDate>Wed, 30 Aug 2017 16:58:31 GMT</pubDate>
      </item>
      <item>
      <title>Exile and the kingdom / Albert Camus ; translated from the French by Justin O'Brien. </title>
      <link>http://vufind.carli.illinois.edu/vf-whe/Record/whe_96608</link>
      <guid>http://vufind.carli.illinois.edu/vf-whe/Record/whe_96608</guid>
      <description>&lt;BR/&gt;&lt;B&gt;Author: &lt;/B&gt;Camus, Albert, 1913-1960. &lt;BR/&gt;&lt;B&gt;Edition: &lt;/B&gt;[1st American ed.]. &lt;BR/&gt;&lt;B&gt;Location: &lt;/B&gt;Wade Center -- Stacks (See Desk Attendant)&lt;BR/&gt;&lt;B&gt;Call number: &lt;/B&gt;CURR 372.7 V28t, Gr.3-5</description>
      <pubDate>Wed, 30 Aug 2017 16:58:31 GMT</pubDate>
      </item>
      <item>
      <title>Hymn of the universe / Pierre Teilhard de Chardin ; [translated by Simon Bartholomew]. </title>
      <link>http://vufind.carli.illinois.edu/vf-whe/Record/whe_104936</link>
      <guid>http://vufind.carli.illinois.edu/vf-whe/Record/whe_104936</guid>
      <description>&lt;img border=&quot;0&quot; src=&quot;http://images.amazon.com/images/P/0061319104.01._PB_SCMZZZZZZZ_.jpg&quot; vspace=&quot;3&quot; border=&quot;0&quot; align=&quot;right&quot;/&gt;&lt;BR/&gt;&lt;B&gt;Author: &lt;/B&gt;Teilhard de Chardin, Pierre. &lt;BR/&gt;&lt;B&gt;ISBN: &lt;/B&gt;0061319104 &lt;BR/&gt;&lt;B&gt;Location: &lt;/B&gt;Wade Center -- Stacks (See Desk Attendant)&lt;BR/&gt;&lt;B&gt;Call number: &lt;/B&gt;Kilby Lib. B2430.T373 H93 1965&lt;BR/&gt;&lt;B&gt;Web link: &lt;/B&gt;&lt;a href=&quot;http://www.religion-online.org/showbook.asp?title=1621&quot;&gt;CLICK HERE FOR ACCESS TO ELECTRONIC COPY OF TEXT&lt;/a&gt;</description>
      <pubDate>Wed, 30 Aug 2017 16:58:31 GMT</pubDate>
      </item>
      <item>
      <title>Undine, by De La Motte Fouqué; adapted from the German by W.L. Courtney, and illustrated by Arthur Rackham. </title>
      <link>http://vufind.carli.illinois.edu/vf-whe/Record/whe_265258</link>
      <guid>http://vufind.carli.illinois.edu/vf-whe/Record/whe_265258</guid>
      <description>&lt;BR/&gt;&lt;B&gt;Author: &lt;/B&gt;La Motte-Fouqué, Friedrich Heinrich Karl, Freiherr de, 1777-1843. &lt;BR/&gt;&lt;B&gt;Location: &lt;/B&gt;Wade Center -- Stacks (See Desk Attendant)&lt;BR/&gt;&lt;B&gt;Call number: &lt;/B&gt;Kilby Lib. PT2389.U4 C68 1909&lt;BR/&gt;&lt;B&gt;Web link: &lt;/B&gt;&lt;a href=&quot;http://archive.org/details/undine00lamotte&quot;&gt;Internet Archive, UNC Chapel Hill copy&lt;/a&gt;</description>
      <pubDate>Wed, 30 Aug 2017 16:58:31 GMT</pubDate>
      </item>
      <item>
      <title>Bright shadow of reality : C.S. Lewis and the feeling intellect / by Corbin Scott Carnell. </title>
      <link>http://vufind.carli.illinois.edu/vf-whe/Record/whe_318726</link>
      <guid>http://vufind.carli.illinois.edu/vf-whe/Record/whe_318726</guid>
      <description>&lt;img border=&quot;0&quot; src=&quot;http://images.amazon.com/images/P/0802815618.01._PB_SCMZZZZZZZ_.jpg&quot; vspace=&quot;3&quot; border=&quot;0&quot; align=&quot;right&quot;/&gt;&lt;BR/&gt;&lt;B&gt;Author: &lt;/B&gt;Carnell, Corbin Scott. &lt;BR/&gt;&lt;B&gt;ISBN: &lt;/B&gt;0802815618 &lt;BR/&gt;&lt;B&gt;Location: &lt;/B&gt;Wade Center -- Stacks (See Desk Attendant)&lt;BR/&gt;&lt;B&gt;Call number: &lt;/B&gt;Kilby Lib. PR6023.E926 Z5916 1974&lt;BR/&gt;&lt;B&gt;Web link: &lt;/B&gt;&lt;a href=&quot;https://covers.openlibrary.org/b/id/4465905-M.jpg&quot;&gt;Cover image&lt;/a&gt;</description>
      <pubDate>Wed, 30 Aug 2017 16:58:31 GMT</pubDate>
      </item>
      <item>
      <title>Transfiguration of the commonplace : a philosophy of art / Arthur C. Danto. </title>
      <link>http://vufind.carli.illinois.edu/vf-whe/Record/whe_329001</link>
      <guid>http://vufind.carli.illinois.edu/vf-whe/Record/whe_329001</guid>
      <description>&lt;img border=&quot;0&quot; src=&quot;http://images.amazon.com/images/P/9780674903463.01._PB_SCMZZZZZZZ_.jpg&quot; vspace=&quot;3&quot; border=&quot;0&quot; align=&quot;right&quot;/&gt;&lt;BR/&gt;&lt;B&gt;Author: &lt;/B&gt;Danto, Arthur C., 1924-2013. &lt;BR/&gt;&lt;B&gt;ISBN: &lt;/B&gt;9780674903463 &lt;BR/&gt;&lt;B&gt;Location: &lt;/B&gt;Wade Center -- Stacks (See Desk Attendant)&lt;BR/&gt;&lt;B&gt;Call number: &lt;/B&gt;Kilby Lib. BH39 .D36 1981&lt;BR/&gt;&lt;B&gt;Web link: &lt;/B&gt;&lt;a href=&quot;http://www.gbv.de/dms/bowker/toc/9780674903456.pdf&quot;&gt;Table of contents&lt;/a&gt;</description>
      <pubDate>Wed, 30 Aug 2017 16:58:31 GMT</pubDate>
      </item>
      <item>
      <title>Voyage of the Dawn Treader / by C.S. Lewis ; with pictures adapted from illustrations by Pauline Baynes. </title>
      <link>http://vufind.carli.illinois.edu/vf-whe/Record/whe_375343</link>
      <guid>http://vufind.carli.illinois.edu/vf-whe/Record/whe_375343</guid>
      <description>&lt;img border=&quot;0&quot; src=&quot;http://images.amazon.com/images/P/0020442602.01._PB_SCMZZZZZZZ_.jpg&quot; vspace=&quot;3&quot; border=&quot;0&quot; align=&quot;right&quot;/&gt;&lt;BR/&gt;&lt;B&gt;Author: &lt;/B&gt;Lewis, C. S. (Clive Staples), 1898-1963, &lt;BR/&gt;&lt;B&gt;Edition: &lt;/B&gt;First Collier Books edition. &lt;BR/&gt;&lt;B&gt;ISBN: &lt;/B&gt;0020442602 &lt;BR/&gt;&lt;B&gt;Location: &lt;/B&gt;Wade Center -- Stacks (See Desk Attendant)&lt;BR/&gt;&lt;B&gt;Call number: &lt;/B&gt;PR6023.E926 C47 V6 1970</description>
      <pubDate>Wed, 30 Aug 2017 16:58:31 GMT</pubDate>
      </item>
</channel>
</rss>
